2023-06-09 11:42:32,947 [INFO]  
========== start: fit model
2023-06-09 11:42:32,948 [WARNING]  Already bound, ignoring bind()
2023-06-09 11:42:33,973 [INFO]  Epoch[0] Batch [0-5]	Speed: 4999.40 samples/sec	cross-entropy=1.841985	required_experience-accuracy=0.403158
2023-06-09 11:42:34,426 [INFO]  Epoch[0] Train-cross-entropy=1.554797
2023-06-09 11:42:34,426 [INFO]  Epoch[0] Train-required_experience-accuracy=0.503418
2023-06-09 11:42:34,426 [INFO]  Epoch[0] Time cost=1.478
2023-06-09 11:42:34,426 [INFO]  Epoch[0] Average Speed: 8998.919 samples/sec
2023-06-09 11:42:34,429 [INFO]  Saved checkpoint to "/root/datawig/imputer//words/unchained/required_experience/model-0000.params"
2023-06-09 11:42:34,602 [INFO]  Epoch[0] Validation-cross-entropy=2.389508
2023-06-09 11:42:34,602 [INFO]  Epoch[0] Validation-required_experience-accuracy=0.223145
2023-06-09 11:42:35,301 [INFO]  Epoch[1] Batch [0-5]	Speed: 8773.92 samples/sec	cross-entropy=1.517965	required_experience-accuracy=0.430827
2023-06-09 11:42:35,749 [INFO]  Epoch[1] Train-cross-entropy=1.382125
2023-06-09 11:42:35,750 [INFO]  Epoch[1] Train-required_experience-accuracy=0.513672
2023-06-09 11:42:35,750 [INFO]  Epoch[1] Time cost=1.148
2023-06-09 11:42:35,750 [INFO]  Epoch[1] Average Speed: 15793.050 samples/sec
2023-06-09 11:42:35,752 [INFO]  Saved checkpoint to "/root/datawig/imputer//words/unchained/required_experience/model-0001.params"
2023-06-09 11:42:35,888 [INFO]  Epoch[1] Validation-cross-entropy=2.549557
2023-06-09 11:42:35,889 [INFO]  Epoch[1] Validation-required_experience-accuracy=0.237793
2023-06-09 11:42:36,566 [INFO]  Epoch[2] Batch [0-5]	Speed: 9004.75 samples/sec	cross-entropy=1.418803	required_experience-accuracy=0.456380
2023-06-09 11:42:37,016 [INFO]  Epoch[2] Train-cross-entropy=1.278252
2023-06-09 11:42:37,016 [INFO]  Epoch[2] Train-required_experience-accuracy=0.528809
2023-06-09 11:42:37,016 [INFO]  Epoch[2] Time cost=1.127
2023-06-09 11:42:37,016 [INFO]  Epoch[2] Average Speed: 16208.559 samples/sec
2023-06-09 11:42:37,019 [INFO]  Saved checkpoint to "/root/datawig/imputer//words/unchained/required_experience/model-0002.params"
2023-06-09 11:42:37,155 [INFO]  Epoch[2] Validation-cross-entropy=2.274100
2023-06-09 11:42:37,155 [INFO]  Epoch[2] Validation-required_experience-accuracy=0.249512
2023-06-09 11:42:37,853 [INFO]  Epoch[3] Batch [0-5]	Speed: 8774.34 samples/sec	cross-entropy=1.329921	required_experience-accuracy=0.490072
2023-06-09 11:42:38,331 [INFO]  Epoch[3] Train-cross-entropy=1.211168
2023-06-09 11:42:38,331 [INFO]  Epoch[3] Train-required_experience-accuracy=0.574951
2023-06-09 11:42:38,331 [INFO]  Epoch[3] Time cost=1.175
2023-06-09 11:42:38,331 [INFO]  Epoch[3] Average Speed: 15793.805 samples/sec
2023-06-09 11:42:38,334 [INFO]  Saved checkpoint to "/root/datawig/imputer//words/unchained/required_experience/model-0003.params"
2023-06-09 11:42:38,472 [INFO]  Epoch[3] Validation-cross-entropy=2.157188
2023-06-09 11:42:38,472 [INFO]  Epoch[3] Validation-required_experience-accuracy=0.277832
2023-06-09 11:42:39,179 [INFO]  Epoch[4] Batch [0-5]	Speed: 8675.95 samples/sec	cross-entropy=1.271440	required_experience-accuracy=0.534831
2023-06-09 11:42:39,725 [INFO]  Epoch[4] Train-cross-entropy=1.145197
2023-06-09 11:42:39,725 [INFO]  Epoch[4] Train-required_experience-accuracy=0.598633
2023-06-09 11:42:39,725 [INFO]  Epoch[4] Time cost=1.253
2023-06-09 11:42:39,725 [INFO]  Epoch[4] Average Speed: 15616.719 samples/sec
2023-06-09 11:42:39,727 [INFO]  Saved checkpoint to "/root/datawig/imputer//words/unchained/required_experience/model-0004.params"
2023-06-09 11:42:39,931 [INFO]  Epoch[4] Validation-cross-entropy=2.189906
2023-06-09 11:42:39,931 [INFO]  Epoch[4] Validation-required_experience-accuracy=0.282227
2023-06-09 11:42:40,873 [INFO]  Epoch[5] Batch [0-5]	Speed: 6551.90 samples/sec	cross-entropy=1.226784	required_experience-accuracy=0.545736
2023-06-09 11:42:41,459 [INFO]  Epoch[5] Train-cross-entropy=1.095847
2023-06-09 11:42:41,459 [INFO]  Epoch[5] Train-required_experience-accuracy=0.617920
2023-06-09 11:42:41,459 [INFO]  Epoch[5] Time cost=1.528
2023-06-09 11:42:41,459 [INFO]  Epoch[5] Average Speed: 11793.417 samples/sec
2023-06-09 11:42:41,462 [INFO]  Saved checkpoint to "/root/datawig/imputer//words/unchained/required_experience/model-0005.params"
2023-06-09 11:42:41,662 [INFO]  Epoch[5] Validation-cross-entropy=2.121011
2023-06-09 11:42:41,662 [INFO]  Epoch[5] Validation-required_experience-accuracy=0.291992
2023-06-09 11:42:42,619 [INFO]  Epoch[6] Batch [0-5]	Speed: 6429.33 samples/sec	cross-entropy=1.185130	required_experience-accuracy=0.570638
2023-06-09 11:42:43,220 [INFO]  Epoch[6] Train-cross-entropy=1.055872
2023-06-09 11:42:43,221 [INFO]  Epoch[6] Train-required_experience-accuracy=0.639893
2023-06-09 11:42:43,221 [INFO]  Epoch[6] Time cost=1.559
2023-06-09 11:42:43,221 [INFO]  Epoch[6] Average Speed: 11572.797 samples/sec
2023-06-09 11:42:43,223 [INFO]  Saved checkpoint to "/root/datawig/imputer//words/unchained/required_experience/model-0006.params"
2023-06-09 11:42:43,406 [INFO]  Epoch[6] Validation-cross-entropy=2.061357
2023-06-09 11:42:43,406 [INFO]  Epoch[6] Validation-required_experience-accuracy=0.299316
2023-06-09 11:42:44,340 [INFO]  Epoch[7] Batch [0-5]	Speed: 6620.62 samples/sec	cross-entropy=1.146432	required_experience-accuracy=0.588704
2023-06-09 11:42:44,839 [INFO]  Epoch[7] Train-cross-entropy=1.020396
2023-06-09 11:42:44,839 [INFO]  Epoch[7] Train-required_experience-accuracy=0.659912
2023-06-09 11:42:44,839 [INFO]  Epoch[7] Time cost=1.433
2023-06-09 11:42:44,839 [INFO]  Epoch[7] Average Speed: 11917.120 samples/sec
2023-06-09 11:42:44,841 [INFO]  Saved checkpoint to "/root/datawig/imputer//words/unchained/required_experience/model-0007.params"
2023-06-09 11:42:44,975 [INFO]  Epoch[7] Validation-cross-entropy=2.041572
2023-06-09 11:42:44,976 [INFO]  Epoch[7] Validation-required_experience-accuracy=0.306152
2023-06-09 11:42:45,648 [INFO]  Epoch[8] Batch [0-5]	Speed: 9110.43 samples/sec	cross-entropy=1.111081	required_experience-accuracy=0.608236
2023-06-09 11:42:46,100 [INFO]  Epoch[8] Train-cross-entropy=0.987182
2023-06-09 11:42:46,100 [INFO]  Epoch[8] Train-required_experience-accuracy=0.671143
2023-06-09 11:42:46,100 [INFO]  Epoch[8] Time cost=1.124
2023-06-09 11:42:46,100 [INFO]  Epoch[8] Average Speed: 16398.777 samples/sec
2023-06-09 11:42:46,102 [INFO]  Saved checkpoint to "/root/datawig/imputer//words/unchained/required_experience/model-0008.params"
2023-06-09 11:42:46,236 [INFO]  Epoch[8] Validation-cross-entropy=2.015383
2023-06-09 11:42:46,237 [INFO]  Epoch[8] Validation-required_experience-accuracy=0.311035
2023-06-09 11:42:46,942 [INFO]  Epoch[9] Batch [0-5]	Speed: 8699.85 samples/sec	cross-entropy=1.078351	required_experience-accuracy=0.622559
2023-06-09 11:42:47,421 [INFO]  Epoch[9] Train-cross-entropy=0.956534
2023-06-09 11:42:47,421 [INFO]  Epoch[9] Train-required_experience-accuracy=0.686523
2023-06-09 11:42:47,421 [INFO]  Epoch[9] Time cost=1.185
2023-06-09 11:42:47,421 [INFO]  Epoch[9] Average Speed: 15659.734 samples/sec
2023-06-09 11:42:47,424 [INFO]  Saved checkpoint to "/root/datawig/imputer//words/unchained/required_experience/model-0009.params"
2023-06-09 11:42:47,561 [INFO]  Epoch[9] Validation-cross-entropy=1.992199
2023-06-09 11:42:47,561 [INFO]  Epoch[9] Validation-required_experience-accuracy=0.322266
2023-06-09 11:42:48,351 [INFO]  Epoch[10] Batch [0-5]	Speed: 7585.56 samples/sec	cross-entropy=1.047518	required_experience-accuracy=0.639486
2023-06-09 11:42:48,825 [INFO]  Epoch[10] Train-cross-entropy=0.928019
2023-06-09 11:42:48,825 [INFO]  Epoch[10] Train-required_experience-accuracy=0.700439
2023-06-09 11:42:48,825 [INFO]  Epoch[10] Time cost=1.264
2023-06-09 11:42:48,825 [INFO]  Epoch[10] Average Speed: 13654.005 samples/sec
2023-06-09 11:42:48,827 [INFO]  Saved checkpoint to "/root/datawig/imputer//words/unchained/required_experience/model-0010.params"
2023-06-09 11:42:48,969 [INFO]  Epoch[10] Validation-cross-entropy=1.972783
2023-06-09 11:42:48,969 [INFO]  Epoch[10] Validation-required_experience-accuracy=0.324219
2023-06-09 11:42:49,683 [INFO]  Epoch[11] Batch [0-5]	Speed: 8627.21 samples/sec	cross-entropy=1.018236	required_experience-accuracy=0.653320
2023-06-09 11:42:50,160 [INFO]  Epoch[11] Train-cross-entropy=0.901407
2023-06-09 11:42:50,160 [INFO]  Epoch[11] Train-required_experience-accuracy=0.714844
2023-06-09 11:42:50,160 [INFO]  Epoch[11] Time cost=1.191
2023-06-09 11:42:50,160 [INFO]  Epoch[11] Average Speed: 15528.986 samples/sec
2023-06-09 11:42:50,162 [INFO]  Saved checkpoint to "/root/datawig/imputer//words/unchained/required_experience/model-0011.params"
2023-06-09 11:42:50,299 [INFO]  Epoch[11] Validation-cross-entropy=1.953022
2023-06-09 11:42:50,299 [INFO]  Epoch[11] Validation-required_experience-accuracy=0.327637
2023-06-09 11:42:51,211 [INFO]  Epoch[12] Batch [0-5]	Speed: 6848.00 samples/sec	cross-entropy=0.990501	required_experience-accuracy=0.668620
2023-06-09 11:42:51,826 [INFO]  Epoch[12] Train-cross-entropy=0.876260
2023-06-09 11:42:51,826 [INFO]  Epoch[12] Train-required_experience-accuracy=0.726074
2023-06-09 11:42:51,826 [INFO]  Epoch[12] Time cost=1.527
2023-06-09 11:42:51,826 [INFO]  Epoch[12] Average Speed: 12326.409 samples/sec
2023-06-09 11:42:51,829 [INFO]  Saved checkpoint to "/root/datawig/imputer//words/unchained/required_experience/model-0012.params"
2023-06-09 11:42:52,032 [INFO]  Epoch[12] Validation-cross-entropy=1.938703
2023-06-09 11:42:52,032 [INFO]  Epoch[12] Validation-required_experience-accuracy=0.333496
2023-06-09 11:42:52,963 [INFO]  Epoch[13] Batch [0-5]	Speed: 6569.44 samples/sec	cross-entropy=0.964157	required_experience-accuracy=0.680339
2023-06-09 11:42:53,559 [INFO]  Epoch[13] Train-cross-entropy=0.852455
2023-06-09 11:42:53,559 [INFO]  Epoch[13] Train-required_experience-accuracy=0.734131
2023-06-09 11:42:53,559 [INFO]  Epoch[13] Time cost=1.528
2023-06-09 11:42:53,559 [INFO]  Epoch[13] Average Speed: 11824.996 samples/sec
2023-06-09 11:42:53,565 [INFO]  Saved checkpoint to "/root/datawig/imputer//words/unchained/required_experience/model-0013.params"
2023-06-09 11:42:53,760 [INFO]  Epoch[13] Validation-cross-entropy=1.925416
2023-06-09 11:42:53,761 [INFO]  Epoch[13] Validation-required_experience-accuracy=0.340332
2023-06-09 11:42:54,694 [INFO]  Epoch[14] Batch [0-5]	Speed: 6570.23 samples/sec	cross-entropy=0.939067	required_experience-accuracy=0.690104
2023-06-09 11:42:55,286 [INFO]  Epoch[14] Train-cross-entropy=0.829883
2023-06-09 11:42:55,286 [INFO]  Epoch[14] Train-required_experience-accuracy=0.743408
2023-06-09 11:42:55,286 [INFO]  Epoch[14] Time cost=1.526
2023-06-09 11:42:55,286 [INFO]  Epoch[14] Average Speed: 11826.418 samples/sec
2023-06-09 11:42:55,290 [INFO]  Saved checkpoint to "/root/datawig/imputer//words/unchained/required_experience/model-0014.params"
2023-06-09 11:42:55,487 [INFO]  Epoch[14] Validation-cross-entropy=1.912684
2023-06-09 11:42:55,487 [INFO]  Epoch[14] Validation-required_experience-accuracy=0.342773
2023-06-09 11:42:56,390 [INFO]  Epoch[15] Batch [0-5]	Speed: 6942.48 samples/sec	cross-entropy=0.915103	required_experience-accuracy=0.702148
2023-06-09 11:42:56,857 [INFO]  Epoch[15] Train-cross-entropy=0.808413
2023-06-09 11:42:56,858 [INFO]  Epoch[15] Train-required_experience-accuracy=0.751221
2023-06-09 11:42:56,858 [INFO]  Epoch[15] Time cost=1.371
2023-06-09 11:42:56,858 [INFO]  Epoch[15] Average Speed: 12496.470 samples/sec
2023-06-09 11:42:56,860 [INFO]  Saved checkpoint to "/root/datawig/imputer//words/unchained/required_experience/model-0015.params"
2023-06-09 11:42:56,993 [INFO]  Epoch[15] Validation-cross-entropy=1.901594
2023-06-09 11:42:56,993 [INFO]  Epoch[15] Validation-required_experience-accuracy=0.346680
2023-06-09 11:42:57,669 [INFO]  Epoch[16] Batch [0-5]	Speed: 9112.99 samples/sec	cross-entropy=0.892190	required_experience-accuracy=0.714193
2023-06-09 11:42:58,126 [INFO]  Epoch[16] Train-cross-entropy=0.787923
2023-06-09 11:42:58,126 [INFO]  Epoch[16] Train-required_experience-accuracy=0.760742
2023-06-09 11:42:58,126 [INFO]  Epoch[16] Time cost=1.133
2023-06-09 11:42:58,126 [INFO]  Epoch[16] Average Speed: 16403.377 samples/sec
2023-06-09 11:42:58,128 [INFO]  Saved checkpoint to "/root/datawig/imputer//words/unchained/required_experience/model-0016.params"
2023-06-09 11:42:58,263 [INFO]  Epoch[16] Validation-cross-entropy=1.891598
2023-06-09 11:42:58,263 [INFO]  Epoch[16] Validation-required_experience-accuracy=0.350586
2023-06-09 11:42:58,957 [INFO]  Epoch[17] Batch [0-5]	Speed: 8835.72 samples/sec	cross-entropy=0.870252	required_experience-accuracy=0.724935
2023-06-09 11:42:59,429 [INFO]  Epoch[17] Train-cross-entropy=0.768332
2023-06-09 11:42:59,429 [INFO]  Epoch[17] Train-required_experience-accuracy=0.770020
2023-06-09 11:42:59,429 [INFO]  Epoch[17] Time cost=1.166
2023-06-09 11:42:59,429 [INFO]  Epoch[17] Average Speed: 15904.289 samples/sec
2023-06-09 11:42:59,433 [INFO]  Saved checkpoint to "/root/datawig/imputer//words/unchained/required_experience/model-0017.params"
2023-06-09 11:42:59,573 [INFO]  Epoch[17] Validation-cross-entropy=1.882509
2023-06-09 11:42:59,573 [INFO]  Epoch[17] Validation-required_experience-accuracy=0.350098
2023-06-09 11:43:00,455 [INFO]  Epoch[18] Batch [0-5]	Speed: 6690.98 samples/sec	cross-entropy=0.849210	required_experience-accuracy=0.735026
2023-06-09 11:43:01,056 [INFO]  Epoch[18] Train-cross-entropy=0.749582
2023-06-09 11:43:01,057 [INFO]  Epoch[18] Train-required_experience-accuracy=0.780273
2023-06-09 11:43:01,057 [INFO]  Epoch[18] Time cost=1.484
2023-06-09 11:43:01,057 [INFO]  Epoch[18] Average Speed: 12043.758 samples/sec
2023-06-09 11:43:01,060 [INFO]  Saved checkpoint to "/root/datawig/imputer//words/unchained/required_experience/model-0018.params"
2023-06-09 11:43:01,245 [INFO]  Epoch[18] Validation-cross-entropy=1.874052
2023-06-09 11:43:01,245 [INFO]  Epoch[18] Validation-required_experience-accuracy=0.352539
2023-06-09 11:43:02,164 [INFO]  Epoch[19] Batch [0-5]	Speed: 6600.81 samples/sec	cross-entropy=0.828996	required_experience-accuracy=0.743164
2023-06-09 11:43:02,784 [INFO]  Epoch[19] Train-cross-entropy=0.731600
2023-06-09 11:43:02,784 [INFO]  Epoch[19] Train-required_experience-accuracy=0.786377
2023-06-09 11:43:02,784 [INFO]  Epoch[19] Time cost=1.539
2023-06-09 11:43:02,784 [INFO]  Epoch[19] Average Speed: 11881.461 samples/sec
2023-06-09 11:43:02,786 [INFO]  Saved checkpoint to "/root/datawig/imputer//words/unchained/required_experience/model-0019.params"
2023-06-09 11:43:02,922 [INFO]  Epoch[19] Validation-cross-entropy=1.866140
2023-06-09 11:43:02,922 [INFO]  Epoch[19] Validation-required_experience-accuracy=0.354492
2023-06-09 11:43:03,608 [INFO]  Epoch[20] Batch [0-5]	Speed: 8972.73 samples/sec	cross-entropy=0.809561	required_experience-accuracy=0.749512
2023-06-09 11:43:04,067 [INFO]  Epoch[20] Train-cross-entropy=0.714324
2023-06-09 11:43:04,067 [INFO]  Epoch[20] Train-required_experience-accuracy=0.791016
2023-06-09 11:43:04,067 [INFO]  Epoch[20] Time cost=1.145
2023-06-09 11:43:04,067 [INFO]  Epoch[20] Average Speed: 16150.912 samples/sec
2023-06-09 11:43:04,070 [INFO]  Saved checkpoint to "/root/datawig/imputer//words/unchained/required_experience/model-0020.params"
2023-06-09 11:43:04,208 [INFO]  Epoch[20] Validation-cross-entropy=1.858867
2023-06-09 11:43:04,208 [INFO]  Epoch[20] Validation-required_experience-accuracy=0.355469
2023-06-09 11:43:04,911 [INFO]  Epoch[21] Batch [0-5]	Speed: 8698.52 samples/sec	cross-entropy=0.790855	required_experience-accuracy=0.756836
2023-06-09 11:43:05,409 [INFO]  Epoch[21] Train-cross-entropy=0.697710
2023-06-09 11:43:05,409 [INFO]  Epoch[21] Train-required_experience-accuracy=0.799561
2023-06-09 11:43:05,409 [INFO]  Epoch[21] Time cost=1.201
2023-06-09 11:43:05,409 [INFO]  Epoch[21] Average Speed: 15657.342 samples/sec
2023-06-09 11:43:05,411 [INFO]  Saved checkpoint to "/root/datawig/imputer//words/unchained/required_experience/model-0021.params"
2023-06-09 11:43:05,599 [INFO]  Epoch[21] Validation-cross-entropy=1.852110
2023-06-09 11:43:05,599 [INFO]  Epoch[21] Validation-required_experience-accuracy=0.357910
2023-06-09 11:43:06,540 [INFO]  Epoch[22] Batch [0-5]	Speed: 6540.83 samples/sec	cross-entropy=0.772831	required_experience-accuracy=0.764486
2023-06-09 11:43:07,155 [INFO]  Epoch[22] Train-cross-entropy=0.681718
2023-06-09 11:43:07,155 [INFO]  Epoch[22] Train-required_experience-accuracy=0.805176
2023-06-09 11:43:07,155 [INFO]  Epoch[22] Time cost=1.555
2023-06-09 11:43:07,155 [INFO]  Epoch[22] Average Speed: 11773.496 samples/sec
2023-06-09 11:43:07,161 [INFO]  Saved checkpoint to "/root/datawig/imputer//words/unchained/required_experience/model-0022.params"
2023-06-09 11:43:07,337 [INFO]  Epoch[22] Validation-cross-entropy=1.845551
2023-06-09 11:43:07,337 [INFO]  Epoch[22] Validation-required_experience-accuracy=0.359375
2023-06-09 11:43:08,262 [INFO]  Epoch[23] Batch [0-5]	Speed: 6607.66 samples/sec	cross-entropy=0.755451	required_experience-accuracy=0.773600
2023-06-09 11:43:08,894 [INFO]  Epoch[23] Train-cross-entropy=0.666305
2023-06-09 11:43:08,895 [INFO]  Epoch[23] Train-required_experience-accuracy=0.812500
2023-06-09 11:43:08,895 [INFO]  Epoch[23] Time cost=1.558
2023-06-09 11:43:08,895 [INFO]  Epoch[23] Average Speed: 11893.781 samples/sec
2023-06-09 11:43:08,897 [INFO]  Saved checkpoint to "/root/datawig/imputer//words/unchained/required_experience/model-0023.params"
2023-06-09 11:43:09,079 [INFO]  Epoch[23] Validation-cross-entropy=1.839563
2023-06-09 11:43:09,079 [INFO]  Epoch[23] Validation-required_experience-accuracy=0.361816
2023-06-09 11:43:10,044 [INFO]  Epoch[24] Batch [0-5]	Speed: 6259.42 samples/sec	cross-entropy=0.738681	required_experience-accuracy=0.780436
2023-06-09 11:43:10,678 [INFO]  Epoch[24] Train-cross-entropy=0.651438
2023-06-09 11:43:10,678 [INFO]  Epoch[24] Train-required_experience-accuracy=0.819092
2023-06-09 11:43:10,678 [INFO]  Epoch[24] Time cost=1.599
2023-06-09 11:43:10,678 [INFO]  Epoch[24] Average Speed: 11266.949 samples/sec
2023-06-09 11:43:10,681 [INFO]  Saved checkpoint to "/root/datawig/imputer//words/unchained/required_experience/model-0024.params"
2023-06-09 11:43:10,826 [INFO]  Epoch[24] Validation-cross-entropy=1.833646
2023-06-09 11:43:10,826 [INFO]  Epoch[24] Validation-required_experience-accuracy=0.364258
2023-06-09 11:43:11,514 [INFO]  Epoch[25] Batch [0-5]	Speed: 8936.62 samples/sec	cross-entropy=0.722485	required_experience-accuracy=0.789388
2023-06-09 11:43:11,980 [INFO]  Epoch[25] Train-cross-entropy=0.637088
2023-06-09 11:43:11,980 [INFO]  Epoch[25] Train-required_experience-accuracy=0.823486
2023-06-09 11:43:11,980 [INFO]  Epoch[25] Time cost=1.154
2023-06-09 11:43:11,980 [INFO]  Epoch[25] Average Speed: 16085.919 samples/sec
2023-06-09 11:43:11,982 [INFO]  Saved checkpoint to "/root/datawig/imputer//words/unchained/required_experience/model-0025.params"
2023-06-09 11:43:12,124 [INFO]  Epoch[25] Validation-cross-entropy=1.828222
2023-06-09 11:43:12,124 [INFO]  Epoch[25] Validation-required_experience-accuracy=0.367676
2023-06-09 11:43:12,930 [INFO]  Epoch[26] Batch [0-5]	Speed: 7430.75 samples/sec	cross-entropy=0.706836	required_experience-accuracy=0.796549
2023-06-09 11:43:13,517 [INFO]  Epoch[26] Train-cross-entropy=0.623221
2023-06-09 11:43:13,517 [INFO]  Epoch[26] Train-required_experience-accuracy=0.828613
2023-06-09 11:43:13,517 [INFO]  Epoch[26] Time cost=1.393
2023-06-09 11:43:13,517 [INFO]  Epoch[26] Average Speed: 13375.354 samples/sec
2023-06-09 11:43:13,520 [INFO]  Saved checkpoint to "/root/datawig/imputer//words/unchained/required_experience/model-0026.params"
2023-06-09 11:43:13,726 [INFO]  Epoch[26] Validation-cross-entropy=1.823012
2023-06-09 11:43:13,726 [INFO]  Epoch[26] Validation-required_experience-accuracy=0.368652
2023-06-09 11:43:14,660 [INFO]  Epoch[27] Batch [0-5]	Speed: 6569.11 samples/sec	cross-entropy=0.691706	required_experience-accuracy=0.803874
2023-06-09 11:43:15,116 [INFO]  Epoch[27] Train-cross-entropy=0.609812
2023-06-09 11:43:15,116 [INFO]  Epoch[27] Train-required_experience-accuracy=0.835938
2023-06-09 11:43:15,116 [INFO]  Epoch[27] Time cost=1.390
2023-06-09 11:43:15,116 [INFO]  Epoch[27] Average Speed: 11824.399 samples/sec
2023-06-09 11:43:15,124 [INFO]  Saved checkpoint to "/root/datawig/imputer//words/unchained/required_experience/model-0027.params"
2023-06-09 11:43:15,259 [INFO]  Epoch[27] Validation-cross-entropy=1.818025
2023-06-09 11:43:15,259 [INFO]  Epoch[27] Validation-required_experience-accuracy=0.372559
2023-06-09 11:43:15,932 [INFO]  Epoch[28] Batch [0-5]	Speed: 9111.20 samples/sec	cross-entropy=0.677072	required_experience-accuracy=0.812012
2023-06-09 11:43:16,385 [INFO]  Epoch[28] Train-cross-entropy=0.596842
2023-06-09 11:43:16,385 [INFO]  Epoch[28] Train-required_experience-accuracy=0.842041
2023-06-09 11:43:16,385 [INFO]  Epoch[28] Time cost=1.126
2023-06-09 11:43:16,385 [INFO]  Epoch[28] Average Speed: 16400.169 samples/sec
2023-06-09 11:43:16,387 [INFO]  Saved checkpoint to "/root/datawig/imputer//words/unchained/required_experience/model-0028.params"
2023-06-09 11:43:16,529 [INFO]  Epoch[28] Validation-cross-entropy=1.813211
2023-06-09 11:43:16,529 [INFO]  Epoch[28] Validation-required_experience-accuracy=0.373535
2023-06-09 11:43:17,201 [INFO]  Epoch[29] Batch [0-5]	Speed: 9228.13 samples/sec	cross-entropy=0.662905	required_experience-accuracy=0.819010
2023-06-09 11:43:17,662 [INFO]  Epoch[29] Train-cross-entropy=0.584292
2023-06-09 11:43:17,662 [INFO]  Epoch[29] Train-required_experience-accuracy=0.846191
2023-06-09 11:43:17,662 [INFO]  Epoch[29] Time cost=1.133
2023-06-09 11:43:17,662 [INFO]  Epoch[29] Average Speed: 16610.627 samples/sec
2023-06-09 11:43:17,664 [INFO]  Saved checkpoint to "/root/datawig/imputer//words/unchained/required_experience/model-0029.params"
2023-06-09 11:43:17,798 [INFO]  Epoch[29] Validation-cross-entropy=1.808510
2023-06-09 11:43:17,798 [INFO]  Epoch[29] Validation-required_experience-accuracy=0.375977
2023-06-09 11:43:18,485 [INFO]  Epoch[30] Batch [0-5]	Speed: 8903.63 samples/sec	cross-entropy=0.649186	required_experience-accuracy=0.826172
2023-06-09 11:43:18,946 [INFO]  Epoch[30] Train-cross-entropy=0.572137
2023-06-09 11:43:18,947 [INFO]  Epoch[30] Train-required_experience-accuracy=0.849854
2023-06-09 11:43:18,947 [INFO]  Epoch[30] Time cost=1.149
2023-06-09 11:43:18,947 [INFO]  Epoch[30] Average Speed: 16026.529 samples/sec
2023-06-09 11:43:18,950 [INFO]  Saved checkpoint to "/root/datawig/imputer//words/unchained/required_experience/model-0030.params"
2023-06-09 11:43:19,087 [INFO]  Epoch[30] Validation-cross-entropy=1.804175
2023-06-09 11:43:19,088 [INFO]  Epoch[30] Validation-required_experience-accuracy=0.378418
2023-06-09 11:43:19,773 [INFO]  Epoch[31] Batch [0-5]	Speed: 8951.92 samples/sec	cross-entropy=0.635899	required_experience-accuracy=0.831543
2023-06-09 11:43:20,237 [INFO]  Epoch[31] Train-cross-entropy=0.560356
2023-06-09 11:43:20,237 [INFO]  Epoch[31] Train-required_experience-accuracy=0.854736
2023-06-09 11:43:20,237 [INFO]  Epoch[31] Time cost=1.150
2023-06-09 11:43:20,237 [INFO]  Epoch[31] Average Speed: 16113.452 samples/sec
2023-06-09 11:43:20,240 [INFO]  Saved checkpoint to "/root/datawig/imputer//words/unchained/required_experience/model-0031.params"
2023-06-09 11:43:20,440 [INFO]  Epoch[31] Validation-cross-entropy=1.799931
2023-06-09 11:43:20,440 [INFO]  Epoch[31] Validation-required_experience-accuracy=0.380371
2023-06-09 11:43:21,353 [INFO]  Epoch[32] Batch [0-5]	Speed: 6766.72 samples/sec	cross-entropy=0.623020	required_experience-accuracy=0.837402
2023-06-09 11:43:21,966 [INFO]  Epoch[32] Train-cross-entropy=0.548938
2023-06-09 11:43:21,966 [INFO]  Epoch[32] Train-required_experience-accuracy=0.857178
2023-06-09 11:43:21,966 [INFO]  Epoch[32] Time cost=1.526
2023-06-09 11:43:21,966 [INFO]  Epoch[32] Average Speed: 12180.100 samples/sec
2023-06-09 11:43:21,969 [INFO]  Saved checkpoint to "/root/datawig/imputer//words/unchained/required_experience/model-0032.params"
2023-06-09 11:43:22,162 [INFO]  Epoch[32] Validation-cross-entropy=1.795819
2023-06-09 11:43:22,162 [INFO]  Epoch[32] Validation-required_experience-accuracy=0.380859
2023-06-09 11:43:23,080 [INFO]  Epoch[33] Batch [0-5]	Speed: 6687.03 samples/sec	cross-entropy=0.610534	required_experience-accuracy=0.843750
2023-06-09 11:43:23,700 [INFO]  Epoch[33] Train-cross-entropy=0.537863
2023-06-09 11:43:23,701 [INFO]  Epoch[33] Train-required_experience-accuracy=0.862305
2023-06-09 11:43:23,701 [INFO]  Epoch[33] Time cost=1.539
2023-06-09 11:43:23,701 [INFO]  Epoch[33] Average Speed: 12036.662 samples/sec
2023-06-09 11:43:23,703 [INFO]  Saved checkpoint to "/root/datawig/imputer//words/unchained/required_experience/model-0033.params"
2023-06-09 11:43:23,899 [INFO]  Epoch[33] Validation-cross-entropy=1.791950
2023-06-09 11:43:23,899 [INFO]  Epoch[33] Validation-required_experience-accuracy=0.381836
2023-06-09 11:43:24,795 [INFO]  Epoch[34] Batch [0-5]	Speed: 6932.77 samples/sec	cross-entropy=0.598420	required_experience-accuracy=0.850098
2023-06-09 11:43:25,253 [INFO]  Epoch[34] Train-cross-entropy=0.527126
2023-06-09 11:43:25,254 [INFO]  Epoch[34] Train-required_experience-accuracy=0.866699
2023-06-09 11:43:25,254 [INFO]  Epoch[34] Time cost=1.355
2023-06-09 11:43:25,254 [INFO]  Epoch[34] Average Speed: 12478.977 samples/sec
2023-06-09 11:43:25,256 [INFO]  Saved checkpoint to "/root/datawig/imputer//words/unchained/required_experience/model-0034.params"
2023-06-09 11:43:25,390 [INFO]  Epoch[34] Validation-cross-entropy=1.788122
2023-06-09 11:43:25,390 [INFO]  Epoch[34] Validation-required_experience-accuracy=0.383301
2023-06-09 11:43:26,054 [INFO]  Epoch[35] Batch [0-5]	Speed: 9213.66 samples/sec	cross-entropy=0.586668	required_experience-accuracy=0.856608
2023-06-09 11:43:26,511 [INFO]  Epoch[35] Train-cross-entropy=0.516701
2023-06-09 11:43:26,512 [INFO]  Epoch[35] Train-required_experience-accuracy=0.872070
2023-06-09 11:43:26,512 [INFO]  Epoch[35] Time cost=1.122
2023-06-09 11:43:26,512 [INFO]  Epoch[35] Average Speed: 16584.593 samples/sec
2023-06-09 11:43:26,514 [INFO]  Saved checkpoint to "/root/datawig/imputer//words/unchained/required_experience/model-0035.params"
2023-06-09 11:43:26,650 [INFO]  Epoch[35] Validation-cross-entropy=1.784463
2023-06-09 11:43:26,650 [INFO]  Epoch[35] Validation-required_experience-accuracy=0.384277
2023-06-09 11:43:27,360 [INFO]  Epoch[36] Batch [0-5]	Speed: 8687.37 samples/sec	cross-entropy=0.575265	required_experience-accuracy=0.859863
2023-06-09 11:43:27,833 [INFO]  Epoch[36] Train-cross-entropy=0.506577
2023-06-09 11:43:27,833 [INFO]  Epoch[36] Train-required_experience-accuracy=0.876953
2023-06-09 11:43:27,833 [INFO]  Epoch[36] Time cost=1.183
2023-06-09 11:43:27,833 [INFO]  Epoch[36] Average Speed: 15637.264 samples/sec
2023-06-09 11:43:27,836 [INFO]  Saved checkpoint to "/root/datawig/imputer//words/unchained/required_experience/model-0036.params"
2023-06-09 11:43:27,982 [INFO]  Epoch[36] Validation-cross-entropy=1.781006
2023-06-09 11:43:27,982 [INFO]  Epoch[36] Validation-required_experience-accuracy=0.387207
2023-06-09 11:43:28,681 [INFO]  Epoch[37] Batch [0-5]	Speed: 8759.50 samples/sec	cross-entropy=0.564189	required_experience-accuracy=0.864258
2023-06-09 11:43:29,153 [INFO]  Epoch[37] Train-cross-entropy=0.496744
2023-06-09 11:43:29,153 [INFO]  Epoch[37] Train-required_experience-accuracy=0.879639
2023-06-09 11:43:29,153 [INFO]  Epoch[37] Time cost=1.171
2023-06-09 11:43:29,153 [INFO]  Epoch[37] Average Speed: 15767.095 samples/sec
2023-06-09 11:43:29,156 [INFO]  Saved checkpoint to "/root/datawig/imputer//words/unchained/required_experience/model-0037.params"
2023-06-09 11:43:29,294 [INFO]  Epoch[37] Validation-cross-entropy=1.777642
2023-06-09 11:43:29,294 [INFO]  Epoch[37] Validation-required_experience-accuracy=0.388184
2023-06-09 11:43:29,989 [INFO]  Epoch[38] Batch [0-5]	Speed: 8900.76 samples/sec	cross-entropy=0.553434	required_experience-accuracy=0.868978
2023-06-09 11:43:30,465 [INFO]  Epoch[38] Train-cross-entropy=0.487194
2023-06-09 11:43:30,465 [INFO]  Epoch[38] Train-required_experience-accuracy=0.882812
2023-06-09 11:43:30,465 [INFO]  Epoch[38] Time cost=1.171
2023-06-09 11:43:30,465 [INFO]  Epoch[38] Average Speed: 16021.361 samples/sec
2023-06-09 11:43:30,467 [INFO]  Saved checkpoint to "/root/datawig/imputer//words/unchained/required_experience/model-0038.params"
2023-06-09 11:43:30,677 [INFO]  Epoch[38] Validation-cross-entropy=1.774482
2023-06-09 11:43:30,677 [INFO]  Epoch[38] Validation-required_experience-accuracy=0.390137
2023-06-09 11:43:31,607 [INFO]  Epoch[39] Batch [0-5]	Speed: 6698.46 samples/sec	cross-entropy=0.542982	required_experience-accuracy=0.874674
2023-06-09 11:43:32,243 [INFO]  Epoch[39] Train-cross-entropy=0.477912
2023-06-09 11:43:32,243 [INFO]  Epoch[39] Train-required_experience-accuracy=0.886963
2023-06-09 11:43:32,243 [INFO]  Epoch[39] Time cost=1.566
2023-06-09 11:43:32,243 [INFO]  Epoch[39] Average Speed: 12057.233 samples/sec
2023-06-09 11:43:32,245 [INFO]  Saved checkpoint to "/root/datawig/imputer//words/unchained/required_experience/model-0039.params"
2023-06-09 11:43:32,447 [INFO]  Epoch[39] Validation-cross-entropy=1.771442
2023-06-09 11:43:32,447 [INFO]  Epoch[39] Validation-required_experience-accuracy=0.391113
2023-06-09 11:43:33,334 [INFO]  Epoch[40] Batch [0-5]	Speed: 7005.35 samples/sec	cross-entropy=0.532826	required_experience-accuracy=0.878581
2023-06-09 11:43:33,949 [INFO]  Epoch[40] Train-cross-entropy=0.468882
2023-06-09 11:43:33,949 [INFO]  Epoch[40] Train-required_experience-accuracy=0.890137
2023-06-09 11:43:33,949 [INFO]  Epoch[40] Time cost=1.502
2023-06-09 11:43:33,949 [INFO]  Epoch[40] Average Speed: 12609.621 samples/sec
2023-06-09 11:43:33,957 [INFO]  Saved checkpoint to "/root/datawig/imputer//words/unchained/required_experience/model-0040.params"
2023-06-09 11:43:34,148 [INFO]  Epoch[40] Validation-cross-entropy=1.768416
2023-06-09 11:43:34,149 [INFO]  Epoch[40] Validation-required_experience-accuracy=0.393066
2023-06-09 11:43:35,067 [INFO]  Epoch[41] Batch [0-5]	Speed: 6672.11 samples/sec	cross-entropy=0.522952	required_experience-accuracy=0.884440
2023-06-09 11:43:35,651 [INFO]  Epoch[41] Train-cross-entropy=0.460106
2023-06-09 11:43:35,651 [INFO]  Epoch[41] Train-required_experience-accuracy=0.892822
2023-06-09 11:43:35,651 [INFO]  Epoch[41] Time cost=1.502
2023-06-09 11:43:35,651 [INFO]  Epoch[41] Average Speed: 12009.804 samples/sec
2023-06-09 11:43:35,654 [INFO]  Saved checkpoint to "/root/datawig/imputer//words/unchained/required_experience/model-0041.params"
2023-06-09 11:43:35,850 [INFO]  Epoch[41] Validation-cross-entropy=1.765615
2023-06-09 11:43:35,850 [INFO]  Epoch[41] Validation-required_experience-accuracy=0.395020
2023-06-09 11:43:36,776 [INFO]  Epoch[42] Batch [0-5]	Speed: 6591.21 samples/sec	cross-entropy=0.513350	required_experience-accuracy=0.888184
2023-06-09 11:43:37,357 [INFO]  Epoch[42] Train-cross-entropy=0.451571
2023-06-09 11:43:37,358 [INFO]  Epoch[42] Train-required_experience-accuracy=0.897949
2023-06-09 11:43:37,358 [INFO]  Epoch[42] Time cost=1.508
2023-06-09 11:43:37,358 [INFO]  Epoch[42] Average Speed: 11864.183 samples/sec
2023-06-09 11:43:37,360 [INFO]  Saved checkpoint to "/root/datawig/imputer//words/unchained/required_experience/model-0042.params"
2023-06-09 11:43:37,534 [INFO]  Epoch[42] Validation-cross-entropy=1.763060
2023-06-09 11:43:37,535 [INFO]  Epoch[42] Validation-required_experience-accuracy=0.395508
2023-06-09 11:43:38,491 [INFO]  Epoch[43] Batch [0-5]	Speed: 6476.93 samples/sec	cross-entropy=0.504011	required_experience-accuracy=0.891927
2023-06-09 11:43:38,940 [INFO]  Epoch[43] Train-cross-entropy=0.443266
2023-06-09 11:43:38,940 [INFO]  Epoch[43] Train-required_experience-accuracy=0.902588
2023-06-09 11:43:38,940 [INFO]  Epoch[43] Time cost=1.405
2023-06-09 11:43:38,940 [INFO]  Epoch[43] Average Speed: 11658.473 samples/sec
2023-06-09 11:43:38,942 [INFO]  Saved checkpoint to "/root/datawig/imputer//words/unchained/required_experience/model-0043.params"
2023-06-09 11:43:39,084 [INFO]  Epoch[43] Validation-cross-entropy=1.760487
2023-06-09 11:43:39,084 [INFO]  Epoch[43] Validation-required_experience-accuracy=0.397461
2023-06-09 11:43:39,763 [INFO]  Epoch[44] Batch [0-5]	Speed: 9032.97 samples/sec	cross-entropy=0.494922	required_experience-accuracy=0.896159
2023-06-09 11:43:40,225 [INFO]  Epoch[44] Train-cross-entropy=0.435180
2023-06-09 11:43:40,225 [INFO]  Epoch[44] Train-required_experience-accuracy=0.905762
2023-06-09 11:43:40,225 [INFO]  Epoch[44] Time cost=1.141
2023-06-09 11:43:40,225 [INFO]  Epoch[44] Average Speed: 16259.351 samples/sec
2023-06-09 11:43:40,227 [INFO]  Saved checkpoint to "/root/datawig/imputer//words/unchained/required_experience/model-0044.params"
2023-06-09 11:43:40,379 [INFO]  Epoch[44] Validation-cross-entropy=1.758079
2023-06-09 11:43:40,379 [INFO]  Epoch[44] Validation-required_experience-accuracy=0.398438
2023-06-09 11:43:41,076 [INFO]  Epoch[45] Batch [0-5]	Speed: 8857.18 samples/sec	cross-entropy=0.486080	required_experience-accuracy=0.899740
2023-06-09 11:43:41,545 [INFO]  Epoch[45] Train-cross-entropy=0.427316
2023-06-09 11:43:41,545 [INFO]  Epoch[45] Train-required_experience-accuracy=0.908691
2023-06-09 11:43:41,545 [INFO]  Epoch[45] Time cost=1.166
2023-06-09 11:43:41,545 [INFO]  Epoch[45] Average Speed: 15942.918 samples/sec
2023-06-09 11:43:41,547 [INFO]  Saved checkpoint to "/root/datawig/imputer//words/unchained/required_experience/model-0045.params"
2023-06-09 11:43:41,693 [INFO]  Epoch[45] Validation-cross-entropy=1.755681
2023-06-09 11:43:41,693 [INFO]  Epoch[45] Validation-required_experience-accuracy=0.398438
2023-06-09 11:43:42,445 [INFO]  Epoch[46] Batch [0-5]	Speed: 8071.65 samples/sec	cross-entropy=0.477470	required_experience-accuracy=0.903483
2023-06-09 11:43:42,913 [INFO]  Epoch[46] Train-cross-entropy=0.419654
2023-06-09 11:43:42,913 [INFO]  Epoch[46] Train-required_experience-accuracy=0.912109
2023-06-09 11:43:42,913 [INFO]  Epoch[46] Time cost=1.220
2023-06-09 11:43:42,913 [INFO]  Epoch[46] Average Speed: 14528.971 samples/sec
2023-06-09 11:43:42,916 [INFO]  Saved checkpoint to "/root/datawig/imputer//words/unchained/required_experience/model-0046.params"
2023-06-09 11:43:43,053 [INFO]  Epoch[46] Validation-cross-entropy=1.753618
2023-06-09 11:43:43,053 [INFO]  Epoch[46] Validation-required_experience-accuracy=0.398926
2023-06-09 11:43:43,752 [INFO]  Epoch[47] Batch [0-5]	Speed: 8805.31 samples/sec	cross-entropy=0.469087	required_experience-accuracy=0.906576
2023-06-09 11:43:44,211 [INFO]  Epoch[47] Train-cross-entropy=0.412192
2023-06-09 11:43:44,211 [INFO]  Epoch[47] Train-required_experience-accuracy=0.915283
2023-06-09 11:43:44,211 [INFO]  Epoch[47] Time cost=1.158
2023-06-09 11:43:44,211 [INFO]  Epoch[47] Average Speed: 15849.556 samples/sec
2023-06-09 11:43:44,214 [INFO]  Saved checkpoint to "/root/datawig/imputer//words/unchained/required_experience/model-0047.params"
2023-06-09 11:43:44,383 [INFO]  Epoch[47] Validation-cross-entropy=1.751741
2023-06-09 11:43:44,383 [INFO]  Epoch[47] Validation-required_experience-accuracy=0.399414
2023-06-09 11:43:45,220 [INFO]  Epoch[48] Batch [0-5]	Speed: 7625.68 samples/sec	cross-entropy=0.460924	required_experience-accuracy=0.910156
2023-06-09 11:43:45,664 [INFO]  Epoch[48] Train-cross-entropy=0.404923
2023-06-09 11:43:45,664 [INFO]  Epoch[48] Train-required_experience-accuracy=0.920166
2023-06-09 11:43:45,664 [INFO]  Epoch[48] Time cost=1.281
2023-06-09 11:43:45,664 [INFO]  Epoch[48] Average Speed: 13726.228 samples/sec
2023-06-09 11:43:45,668 [INFO]  Saved checkpoint to "/root/datawig/imputer//words/unchained/required_experience/model-0048.params"
2023-06-09 11:43:45,799 [INFO]  Epoch[48] Validation-cross-entropy=1.749854
2023-06-09 11:43:45,799 [INFO]  Epoch[48] Validation-required_experience-accuracy=0.400879
2023-06-09 11:43:46,474 [INFO]  Epoch[49] Batch [0-5]	Speed: 9180.07 samples/sec	cross-entropy=0.452968	required_experience-accuracy=0.914225
2023-06-09 11:43:46,929 [INFO]  Epoch[49] Train-cross-entropy=0.397843
2023-06-09 11:43:46,929 [INFO]  Epoch[49] Train-required_experience-accuracy=0.922607
2023-06-09 11:43:46,929 [INFO]  Epoch[49] Time cost=1.130
2023-06-09 11:43:46,929 [INFO]  Epoch[49] Average Speed: 16524.119 samples/sec
2023-06-09 11:43:46,931 [INFO]  Saved checkpoint to "/root/datawig/imputer//words/unchained/required_experience/model-0049.params"
2023-06-09 11:43:47,063 [INFO]  Epoch[49] Validation-cross-entropy=1.748152
2023-06-09 11:43:47,063 [INFO]  Epoch[49] Validation-required_experience-accuracy=0.400391
2023-06-09 11:43:47,740 [INFO]  Epoch[50] Batch [0-5]	Speed: 9077.44 samples/sec	cross-entropy=0.445217	required_experience-accuracy=0.916178
2023-06-09 11:43:48,201 [INFO]  Epoch[50] Train-cross-entropy=0.390943
2023-06-09 11:43:48,201 [INFO]  Epoch[50] Train-required_experience-accuracy=0.924805
2023-06-09 11:43:48,201 [INFO]  Epoch[50] Time cost=1.138
2023-06-09 11:43:48,201 [INFO]  Epoch[50] Average Speed: 16339.386 samples/sec
2023-06-09 11:43:48,204 [INFO]  Saved checkpoint to "/root/datawig/imputer//words/unchained/required_experience/model-0050.params"
2023-06-09 11:43:48,342 [INFO]  Epoch[50] Validation-cross-entropy=1.746630
2023-06-09 11:43:48,342 [INFO]  Epoch[50] Validation-required_experience-accuracy=0.400879
2023-06-09 11:43:49,080 [INFO]  Epoch[51] Batch [0-5]	Speed: 8248.82 samples/sec	cross-entropy=0.437665	required_experience-accuracy=0.918945
2023-06-09 11:43:49,566 [INFO]  Epoch[51] Train-cross-entropy=0.384216
2023-06-09 11:43:49,566 [INFO]  Epoch[51] Train-required_experience-accuracy=0.926758
2023-06-09 11:43:49,566 [INFO]  Epoch[51] Time cost=1.224
2023-06-09 11:43:49,566 [INFO]  Epoch[51] Average Speed: 14847.881 samples/sec
2023-06-09 11:43:49,568 [INFO]  Saved checkpoint to "/root/datawig/imputer//words/unchained/required_experience/model-0051.params"
2023-06-09 11:43:49,706 [INFO]  Epoch[51] Validation-cross-entropy=1.745167
2023-06-09 11:43:49,706 [INFO]  Epoch[51] Validation-required_experience-accuracy=0.402344
2023-06-09 11:43:50,494 [INFO]  Epoch[52] Batch [0-5]	Speed: 7615.04 samples/sec	cross-entropy=0.430300	required_experience-accuracy=0.921875
2023-06-09 11:43:51,099 [INFO]  Epoch[52] Train-cross-entropy=0.377659
2023-06-09 11:43:51,099 [INFO]  Epoch[52] Train-required_experience-accuracy=0.929199
2023-06-09 11:43:51,099 [INFO]  Epoch[52] Time cost=1.392
2023-06-09 11:43:51,099 [INFO]  Epoch[52] Average Speed: 13707.070 samples/sec
2023-06-09 11:43:51,101 [INFO]  Saved checkpoint to "/root/datawig/imputer//words/unchained/required_experience/model-0052.params"
2023-06-09 11:43:51,280 [INFO]  Epoch[52] Validation-cross-entropy=1.743981
2023-06-09 11:43:51,280 [INFO]  Epoch[52] Validation-required_experience-accuracy=0.403320
2023-06-09 11:43:52,293 [INFO]  Epoch[53] Batch [0-5]	Speed: 6053.24 samples/sec	cross-entropy=0.423120	required_experience-accuracy=0.925456
2023-06-09 11:43:52,934 [INFO]  Epoch[53] Train-cross-entropy=0.371265
2023-06-09 11:43:52,934 [INFO]  Epoch[53] Train-required_experience-accuracy=0.932129
2023-06-09 11:43:52,934 [INFO]  Epoch[53] Time cost=1.655
2023-06-09 11:43:52,934 [INFO]  Epoch[53] Average Speed: 10895.832 samples/sec
2023-06-09 11:43:52,938 [INFO]  Saved checkpoint to "/root/datawig/imputer//words/unchained/required_experience/model-0053.params"
2023-06-09 11:43:53,118 [INFO]  Epoch[53] Validation-cross-entropy=1.742731
2023-06-09 11:43:53,118 [INFO]  Epoch[53] Validation-required_experience-accuracy=0.403320
2023-06-09 11:43:54,010 [INFO]  Epoch[54] Batch [0-5]	Speed: 6806.68 samples/sec	cross-entropy=0.416117	required_experience-accuracy=0.926921
2023-06-09 11:43:54,642 [INFO]  Epoch[54] Train-cross-entropy=0.365028
2023-06-09 11:43:54,642 [INFO]  Epoch[54] Train-required_experience-accuracy=0.934082
2023-06-09 11:43:54,642 [INFO]  Epoch[54] Time cost=1.524
2023-06-09 11:43:54,642 [INFO]  Epoch[54] Average Speed: 12252.020 samples/sec
2023-06-09 11:43:54,647 [INFO]  Saved checkpoint to "/root/datawig/imputer//words/unchained/required_experience/model-0054.params"
2023-06-09 11:43:54,836 [INFO]  Epoch[54] Validation-cross-entropy=1.741657
2023-06-09 11:43:54,836 [INFO]  Epoch[54] Validation-required_experience-accuracy=0.403320
2023-06-09 11:43:55,734 [INFO]  Epoch[55] Batch [0-5]	Speed: 6881.01 samples/sec	cross-entropy=0.409286	required_experience-accuracy=0.928874
2023-06-09 11:43:56,355 [INFO]  Epoch[55] Train-cross-entropy=0.358943
2023-06-09 11:43:56,355 [INFO]  Epoch[55] Train-required_experience-accuracy=0.936279
2023-06-09 11:43:56,355 [INFO]  Epoch[55] Time cost=1.519
2023-06-09 11:43:56,355 [INFO]  Epoch[55] Average Speed: 12385.811 samples/sec
2023-06-09 11:43:56,358 [INFO]  Saved checkpoint to "/root/datawig/imputer//words/unchained/required_experience/model-0055.params"
2023-06-09 11:43:56,523 [INFO]  Epoch[55] Validation-cross-entropy=1.740761
2023-06-09 11:43:56,523 [INFO]  Epoch[55] Validation-required_experience-accuracy=0.403809
2023-06-09 11:43:57,205 [INFO]  Epoch[56] Batch [0-5]	Speed: 8987.38 samples/sec	cross-entropy=0.402622	required_experience-accuracy=0.930827
2023-06-09 11:43:57,665 [INFO]  Epoch[56] Train-cross-entropy=0.353009
2023-06-09 11:43:57,666 [INFO]  Epoch[56] Train-required_experience-accuracy=0.937012
2023-06-09 11:43:57,666 [INFO]  Epoch[56] Time cost=1.142
2023-06-09 11:43:57,666 [INFO]  Epoch[56] Average Speed: 16177.287 samples/sec
2023-06-09 11:43:57,668 [INFO]  Saved checkpoint to "/root/datawig/imputer//words/unchained/required_experience/model-0056.params"
2023-06-09 11:43:57,811 [INFO]  Epoch[56] Validation-cross-entropy=1.740075
2023-06-09 11:43:57,812 [INFO]  Epoch[56] Validation-required_experience-accuracy=0.404297
2023-06-09 11:43:58,508 [INFO]  Epoch[57] Batch [0-5]	Speed: 8893.77 samples/sec	cross-entropy=0.396118	required_experience-accuracy=0.933105
2023-06-09 11:43:58,971 [INFO]  Epoch[57] Train-cross-entropy=0.347217
2023-06-09 11:43:58,971 [INFO]  Epoch[57] Train-required_experience-accuracy=0.938232
2023-06-09 11:43:58,971 [INFO]  Epoch[57] Time cost=1.160
2023-06-09 11:43:58,971 [INFO]  Epoch[57] Average Speed: 16008.787 samples/sec
2023-06-09 11:43:58,974 [INFO]  Saved checkpoint to "/root/datawig/imputer//words/unchained/required_experience/model-0057.params"
2023-06-09 11:43:59,110 [INFO]  Epoch[57] Validation-cross-entropy=1.739436
2023-06-09 11:43:59,111 [INFO]  Epoch[57] Validation-required_experience-accuracy=0.404297
2023-06-09 11:43:59,805 [INFO]  Epoch[58] Batch [0-5]	Speed: 8871.30 samples/sec	cross-entropy=0.389769	required_experience-accuracy=0.935547
2023-06-09 11:44:00,281 [INFO]  Epoch[58] Train-cross-entropy=0.341562
2023-06-09 11:44:00,281 [INFO]  Epoch[58] Train-required_experience-accuracy=0.940674
2023-06-09 11:44:00,281 [INFO]  Epoch[58] Time cost=1.170
2023-06-09 11:44:00,281 [INFO]  Epoch[58] Average Speed: 15968.341 samples/sec
2023-06-09 11:44:00,285 [INFO]  Saved checkpoint to "/root/datawig/imputer//words/unchained/required_experience/model-0058.params"
2023-06-09 11:44:00,428 [INFO]  Epoch[58] Validation-cross-entropy=1.738821
2023-06-09 11:44:00,428 [INFO]  Epoch[58] Validation-required_experience-accuracy=0.404785
2023-06-09 11:44:01,126 [INFO]  Epoch[59] Batch [0-5]	Speed: 8818.89 samples/sec	cross-entropy=0.383573	required_experience-accuracy=0.937174
2023-06-09 11:44:01,595 [INFO]  Epoch[59] Train-cross-entropy=0.336043
2023-06-09 11:44:01,595 [INFO]  Epoch[59] Train-required_experience-accuracy=0.941895
2023-06-09 11:44:01,595 [INFO]  Epoch[59] Time cost=1.167
2023-06-09 11:44:01,596 [INFO]  Epoch[59] Average Speed: 15873.997 samples/sec
2023-06-09 11:44:01,598 [INFO]  Saved checkpoint to "/root/datawig/imputer//words/unchained/required_experience/model-0059.params"
2023-06-09 11:44:01,736 [INFO]  Epoch[59] Validation-cross-entropy=1.738589
2023-06-09 11:44:01,737 [INFO]  Epoch[59] Validation-required_experience-accuracy=0.409180
2023-06-09 11:44:02,514 [INFO]  Epoch[60] Batch [0-5]	Speed: 7764.82 samples/sec	cross-entropy=0.377520	required_experience-accuracy=0.938477
2023-06-09 11:44:03,109 [INFO]  Epoch[60] Train-cross-entropy=0.330655
2023-06-09 11:44:03,109 [INFO]  Epoch[60] Train-required_experience-accuracy=0.942139
2023-06-09 11:44:03,109 [INFO]  Epoch[60] Time cost=1.373
2023-06-09 11:44:03,109 [INFO]  Epoch[60] Average Speed: 13976.676 samples/sec
2023-06-09 11:44:03,112 [INFO]  Saved checkpoint to "/root/datawig/imputer//words/unchained/required_experience/model-0060.params"
2023-06-09 11:44:03,290 [INFO]  Epoch[60] Validation-cross-entropy=1.738242
2023-06-09 11:44:03,290 [INFO]  Epoch[60] Validation-required_experience-accuracy=0.408691
2023-06-09 11:44:04,217 [INFO]  Epoch[61] Batch [0-5]	Speed: 6567.45 samples/sec	cross-entropy=0.371612	required_experience-accuracy=0.940430
2023-06-09 11:44:04,840 [INFO]  Epoch[61] Train-cross-entropy=0.325392
2023-06-09 11:44:04,841 [INFO]  Epoch[61] Train-required_experience-accuracy=0.943359
2023-06-09 11:44:04,841 [INFO]  Epoch[61] Time cost=1.550
2023-06-09 11:44:04,841 [INFO]  Epoch[61] Average Speed: 11821.412 samples/sec
2023-06-09 11:44:04,843 [INFO]  Saved checkpoint to "/root/datawig/imputer//words/unchained/required_experience/model-0061.params"
2023-06-09 11:44:05,024 [INFO]  Epoch[61] Validation-cross-entropy=1.738065
2023-06-09 11:44:05,024 [INFO]  Epoch[61] Validation-required_experience-accuracy=0.409180
2023-06-09 11:44:05,939 [INFO]  Epoch[62] Batch [0-5]	Speed: 6612.58 samples/sec	cross-entropy=0.365838	required_experience-accuracy=0.942220
2023-06-09 11:44:06,496 [INFO]  Epoch[62] Train-cross-entropy=0.320254
2023-06-09 11:44:06,496 [INFO]  Epoch[62] Train-required_experience-accuracy=0.945312
2023-06-09 11:44:06,496 [INFO]  Epoch[62] Time cost=1.472
2023-06-09 11:44:06,496 [INFO]  Epoch[62] Average Speed: 11902.648 samples/sec
2023-06-09 11:44:06,499 [INFO]  Saved checkpoint to "/root/datawig/imputer//words/unchained/required_experience/model-0062.params"
2023-06-09 11:44:06,636 [INFO]  Epoch[62] Validation-cross-entropy=1.737982
2023-06-09 11:44:06,637 [INFO]  Epoch[62] Validation-required_experience-accuracy=0.410156
2023-06-09 11:44:07,319 [INFO]  Epoch[63] Batch [0-5]	Speed: 9002.54 samples/sec	cross-entropy=0.360199	required_experience-accuracy=0.944010
2023-06-09 11:44:07,777 [INFO]  Epoch[63] Train-cross-entropy=0.315235
2023-06-09 11:44:07,777 [INFO]  Epoch[63] Train-required_experience-accuracy=0.947998
2023-06-09 11:44:07,778 [INFO]  Epoch[63] Time cost=1.141
2023-06-09 11:44:07,778 [INFO]  Epoch[63] Average Speed: 16204.563 samples/sec
2023-06-09 11:44:07,780 [INFO]  Saved checkpoint to "/root/datawig/imputer//words/unchained/required_experience/model-0063.params"
2023-06-09 11:44:07,923 [INFO]  Epoch[63] Validation-cross-entropy=1.738014
2023-06-09 11:44:07,924 [INFO]  Epoch[63] Validation-required_experience-accuracy=0.412109
2023-06-09 11:44:08,776 [INFO]  Epoch[64] Batch [0-5]	Speed: 6944.46 samples/sec	cross-entropy=0.354687	required_experience-accuracy=0.945964
2023-06-09 11:44:09,365 [INFO]  Epoch[64] Train-cross-entropy=0.310327
2023-06-09 11:44:09,365 [INFO]  Epoch[64] Train-required_experience-accuracy=0.949951
2023-06-09 11:44:09,365 [INFO]  Epoch[64] Time cost=1.441
2023-06-09 11:44:09,365 [INFO]  Epoch[64] Average Speed: 12500.026 samples/sec
2023-06-09 11:44:09,367 [INFO]  Saved checkpoint to "/root/datawig/imputer//words/unchained/required_experience/model-0064.params"
2023-06-09 11:44:09,559 [INFO]  Epoch[64] Validation-cross-entropy=1.738111
2023-06-09 11:44:09,559 [INFO]  Epoch[64] Validation-required_experience-accuracy=0.413574
2023-06-09 11:44:10,477 [INFO]  Epoch[65] Batch [0-5]	Speed: 6729.26 samples/sec	cross-entropy=0.349302	required_experience-accuracy=0.947917
2023-06-09 11:44:11,078 [INFO]  Epoch[65] Train-cross-entropy=0.305538
2023-06-09 11:44:11,078 [INFO]  Epoch[65] Train-required_experience-accuracy=0.952881
2023-06-09 11:44:11,078 [INFO]  Epoch[65] Time cost=1.519
2023-06-09 11:44:11,078 [INFO]  Epoch[65] Average Speed: 12112.667 samples/sec
2023-06-09 11:44:11,081 [INFO]  Saved checkpoint to "/root/datawig/imputer//words/unchained/required_experience/model-0065.params"
2023-06-09 11:44:11,254 [INFO]  Epoch[65] Validation-cross-entropy=1.738454
2023-06-09 11:44:11,254 [INFO]  Epoch[65] Validation-required_experience-accuracy=0.414062
2023-06-09 11:44:12,174 [INFO]  Epoch[66] Batch [0-5]	Speed: 6590.11 samples/sec	cross-entropy=0.344037	required_experience-accuracy=0.950358
2023-06-09 11:44:12,776 [INFO]  Epoch[66] Train-cross-entropy=0.300853
2023-06-09 11:44:12,776 [INFO]  Epoch[66] Train-required_experience-accuracy=0.954102
2023-06-09 11:44:12,776 [INFO]  Epoch[66] Time cost=1.522
2023-06-09 11:44:12,776 [INFO]  Epoch[66] Average Speed: 11862.195 samples/sec
2023-06-09 11:44:12,778 [INFO]  Saved checkpoint to "/root/datawig/imputer//words/unchained/required_experience/model-0066.params"
2023-06-09 11:44:12,909 [INFO]  Epoch[66] Validation-cross-entropy=1.738749
2023-06-09 11:44:12,909 [INFO]  Epoch[66] Validation-required_experience-accuracy=0.414062
2023-06-09 11:44:13,588 [INFO]  Epoch[67] Batch [0-5]	Speed: 9050.40 samples/sec	cross-entropy=0.338892	required_experience-accuracy=0.953125
2023-06-09 11:44:14,046 [INFO]  Epoch[67] Train-cross-entropy=0.296275
2023-06-09 11:44:14,046 [INFO]  Epoch[67] Train-required_experience-accuracy=0.955322
2023-06-09 11:44:14,046 [INFO]  Epoch[67] Time cost=1.136
2023-06-09 11:44:14,046 [INFO]  Epoch[67] Average Speed: 16290.728 samples/sec
2023-06-09 11:44:14,048 [INFO]  Saved checkpoint to "/root/datawig/imputer//words/unchained/required_experience/model-0067.params"
2023-06-09 11:44:14,183 [INFO]  No improvement detected for 5 epochs compared to 1.7379820048809052 last error obtained: 1.7392042875289917, stopping here
2023-06-09 11:44:14,183 [INFO]  
========== done (101.23599290847778 s) fit model
