2023-06-09 12:48:18,199 [INFO]  
========== start: fit model
2023-06-09 12:48:18,199 [WARNING]  Already bound, ignoring bind()
2023-06-09 12:48:19,174 [INFO]  Epoch[0] Batch [0-5]	Speed: 5260.74 samples/sec	cross-entropy=1.814723	required_experience-accuracy=0.338216
2023-06-09 12:48:19,748 [INFO]  Epoch[0] Train-cross-entropy=1.458395
2023-06-09 12:48:19,748 [INFO]  Epoch[0] Train-required_experience-accuracy=0.515381
2023-06-09 12:48:19,748 [INFO]  Epoch[0] Time cost=1.548
2023-06-09 12:48:19,748 [INFO]  Epoch[0] Average Speed: 9469.330 samples/sec
2023-06-09 12:48:19,755 [INFO]  Saved checkpoint to "/root/datawig/imputer/debug/words/chained/required_experience/model-0000.params"
2023-06-09 12:48:19,943 [INFO]  Epoch[0] Validation-cross-entropy=3.140687
2023-06-09 12:48:19,943 [INFO]  Epoch[0] Validation-required_experience-accuracy=0.229004
2023-06-09 12:48:20,854 [INFO]  Epoch[1] Batch [0-5]	Speed: 6752.56 samples/sec	cross-entropy=1.453233	required_experience-accuracy=0.434570
2023-06-09 12:48:21,413 [INFO]  Epoch[1] Train-cross-entropy=1.297031
2023-06-09 12:48:21,413 [INFO]  Epoch[1] Train-required_experience-accuracy=0.550537
2023-06-09 12:48:21,413 [INFO]  Epoch[1] Time cost=1.470
2023-06-09 12:48:21,413 [INFO]  Epoch[1] Average Speed: 12154.605 samples/sec
2023-06-09 12:48:21,422 [INFO]  Saved checkpoint to "/root/datawig/imputer/debug/words/chained/required_experience/model-0001.params"
2023-06-09 12:48:21,601 [INFO]  Epoch[1] Validation-cross-entropy=3.345557
2023-06-09 12:48:21,601 [INFO]  Epoch[1] Validation-required_experience-accuracy=0.259766
2023-06-09 12:48:22,541 [INFO]  Epoch[2] Batch [0-5]	Speed: 6729.73 samples/sec	cross-entropy=1.343731	required_experience-accuracy=0.514974
2023-06-09 12:48:23,148 [INFO]  Epoch[2] Train-cross-entropy=1.202377
2023-06-09 12:48:23,148 [INFO]  Epoch[2] Train-required_experience-accuracy=0.586426
2023-06-09 12:48:23,148 [INFO]  Epoch[2] Time cost=1.547
2023-06-09 12:48:23,148 [INFO]  Epoch[2] Average Speed: 12113.513 samples/sec
2023-06-09 12:48:23,154 [INFO]  Saved checkpoint to "/root/datawig/imputer/debug/words/chained/required_experience/model-0002.params"
2023-06-09 12:48:23,327 [INFO]  Epoch[2] Validation-cross-entropy=2.808573
2023-06-09 12:48:23,327 [INFO]  Epoch[2] Validation-required_experience-accuracy=0.279785
2023-06-09 12:48:24,175 [INFO]  Epoch[3] Batch [0-5]	Speed: 7280.72 samples/sec	cross-entropy=1.267779	required_experience-accuracy=0.537435
2023-06-09 12:48:24,755 [INFO]  Epoch[3] Train-cross-entropy=1.139569
2023-06-09 12:48:24,755 [INFO]  Epoch[3] Train-required_experience-accuracy=0.608398
2023-06-09 12:48:24,755 [INFO]  Epoch[3] Time cost=1.428
2023-06-09 12:48:24,755 [INFO]  Epoch[3] Average Speed: 13105.302 samples/sec
2023-06-09 12:48:24,762 [INFO]  Saved checkpoint to "/root/datawig/imputer/debug/words/chained/required_experience/model-0003.params"
2023-06-09 12:48:25,002 [INFO]  Epoch[3] Validation-cross-entropy=2.504070
2023-06-09 12:48:25,002 [INFO]  Epoch[3] Validation-required_experience-accuracy=0.290039
2023-06-09 12:48:25,847 [INFO]  Epoch[4] Batch [0-5]	Speed: 7231.90 samples/sec	cross-entropy=1.212638	required_experience-accuracy=0.560710
2023-06-09 12:48:26,424 [INFO]  Epoch[4] Train-cross-entropy=1.086026
2023-06-09 12:48:26,424 [INFO]  Epoch[4] Train-required_experience-accuracy=0.626709
2023-06-09 12:48:26,424 [INFO]  Epoch[4] Time cost=1.422
2023-06-09 12:48:26,424 [INFO]  Epoch[4] Average Speed: 13017.415 samples/sec
2023-06-09 12:48:26,431 [INFO]  Saved checkpoint to "/root/datawig/imputer/debug/words/chained/required_experience/model-0004.params"
2023-06-09 12:48:26,610 [INFO]  Epoch[4] Validation-cross-entropy=2.574877
2023-06-09 12:48:26,610 [INFO]  Epoch[4] Validation-required_experience-accuracy=0.295410
2023-06-09 12:48:27,458 [INFO]  Epoch[5] Batch [0-5]	Speed: 7225.83 samples/sec	cross-entropy=1.165988	required_experience-accuracy=0.576823
2023-06-09 12:48:28,073 [INFO]  Epoch[5] Train-cross-entropy=1.041088
2023-06-09 12:48:28,073 [INFO]  Epoch[5] Train-required_experience-accuracy=0.638428
2023-06-09 12:48:28,073 [INFO]  Epoch[5] Time cost=1.462
2023-06-09 12:48:28,073 [INFO]  Epoch[5] Average Speed: 13006.495 samples/sec
2023-06-09 12:48:28,080 [INFO]  Saved checkpoint to "/root/datawig/imputer/debug/words/chained/required_experience/model-0005.params"
2023-06-09 12:48:28,252 [INFO]  Epoch[5] Validation-cross-entropy=2.605891
2023-06-09 12:48:28,252 [INFO]  Epoch[5] Validation-required_experience-accuracy=0.302246
2023-06-09 12:48:29,146 [INFO]  Epoch[6] Batch [0-5]	Speed: 6858.63 samples/sec	cross-entropy=1.125200	required_experience-accuracy=0.600586
2023-06-09 12:48:29,757 [INFO]  Epoch[6] Train-cross-entropy=1.002697
2023-06-09 12:48:29,757 [INFO]  Epoch[6] Train-required_experience-accuracy=0.656250
2023-06-09 12:48:29,757 [INFO]  Epoch[6] Time cost=1.506
2023-06-09 12:48:29,758 [INFO]  Epoch[6] Average Speed: 12345.526 samples/sec
2023-06-09 12:48:29,764 [INFO]  Saved checkpoint to "/root/datawig/imputer/debug/words/chained/required_experience/model-0006.params"
2023-06-09 12:48:29,942 [INFO]  Epoch[6] Validation-cross-entropy=2.530276
2023-06-09 12:48:29,942 [INFO]  Epoch[6] Validation-required_experience-accuracy=0.306641
2023-06-09 12:48:30,784 [INFO]  Epoch[7] Batch [0-5]	Speed: 7295.59 samples/sec	cross-entropy=1.088539	required_experience-accuracy=0.612142
2023-06-09 12:48:31,346 [INFO]  Epoch[7] Train-cross-entropy=0.968722
2023-06-09 12:48:31,346 [INFO]  Epoch[7] Train-required_experience-accuracy=0.669678
2023-06-09 12:48:31,346 [INFO]  Epoch[7] Time cost=1.404
2023-06-09 12:48:31,346 [INFO]  Epoch[7] Average Speed: 13132.056 samples/sec
2023-06-09 12:48:31,353 [INFO]  Saved checkpoint to "/root/datawig/imputer/debug/words/chained/required_experience/model-0007.params"
2023-06-09 12:48:31,614 [INFO]  Epoch[7] Validation-cross-entropy=2.500230
2023-06-09 12:48:31,614 [INFO]  Epoch[7] Validation-required_experience-accuracy=0.312988
2023-06-09 12:48:32,469 [INFO]  Epoch[8] Batch [0-5]	Speed: 7236.59 samples/sec	cross-entropy=1.054332	required_experience-accuracy=0.627767
2023-06-09 12:48:33,040 [INFO]  Epoch[8] Train-cross-entropy=0.937753
2023-06-09 12:48:33,040 [INFO]  Epoch[8] Train-required_experience-accuracy=0.684814
2023-06-09 12:48:33,040 [INFO]  Epoch[8] Time cost=1.425
2023-06-09 12:48:33,040 [INFO]  Epoch[8] Average Speed: 13025.855 samples/sec
2023-06-09 12:48:33,048 [INFO]  Saved checkpoint to "/root/datawig/imputer/debug/words/chained/required_experience/model-0008.params"
2023-06-09 12:48:33,224 [INFO]  Epoch[8] Validation-cross-entropy=2.466896
2023-06-09 12:48:33,224 [INFO]  Epoch[8] Validation-required_experience-accuracy=0.322266
2023-06-09 12:48:34,129 [INFO]  Epoch[9] Batch [0-5]	Speed: 6680.38 samples/sec	cross-entropy=1.022481	required_experience-accuracy=0.645345
2023-06-09 12:48:34,700 [INFO]  Epoch[9] Train-cross-entropy=0.909161
2023-06-09 12:48:34,700 [INFO]  Epoch[9] Train-required_experience-accuracy=0.696289
2023-06-09 12:48:34,700 [INFO]  Epoch[9] Time cost=1.476
2023-06-09 12:48:34,700 [INFO]  Epoch[9] Average Speed: 12024.680 samples/sec
2023-06-09 12:48:34,707 [INFO]  Saved checkpoint to "/root/datawig/imputer/debug/words/chained/required_experience/model-0009.params"
2023-06-09 12:48:34,917 [INFO]  Epoch[9] Validation-cross-entropy=2.403159
2023-06-09 12:48:34,917 [INFO]  Epoch[9] Validation-required_experience-accuracy=0.329102
2023-06-09 12:48:34,917 [INFO]  
========== done (16.718501567840576 s) fit model
2023-06-09 13:10:16,789 [INFO]  
========== start: fit model
2023-06-09 13:10:16,789 [WARNING]  Already bound, ignoring bind()
2023-06-09 13:10:17,615 [INFO]  Epoch[0] Batch [0-5]	Speed: 6208.59 samples/sec	cross-entropy=1.835753	required_experience-accuracy=0.327799
2023-06-09 13:10:18,096 [INFO]  Epoch[0] Train-cross-entropy=1.519534
2023-06-09 13:10:18,096 [INFO]  Epoch[0] Train-required_experience-accuracy=0.501953
2023-06-09 13:10:18,096 [INFO]  Epoch[0] Time cost=1.306
2023-06-09 13:10:18,096 [INFO]  Epoch[0] Average Speed: 11175.456 samples/sec
2023-06-09 13:10:18,103 [INFO]  Saved checkpoint to "/root/datawig/imputer/debug/words/chained/required_experience/model-0000.params"
2023-06-09 13:10:18,247 [INFO]  Epoch[0] Validation-cross-entropy=2.359104
2023-06-09 13:10:18,247 [INFO]  Epoch[0] Validation-required_experience-accuracy=0.223633
2023-06-09 13:10:18,933 [INFO]  Epoch[1] Batch [0-5]	Speed: 9042.76 samples/sec	cross-entropy=1.468868	required_experience-accuracy=0.434408
2023-06-09 13:10:19,400 [INFO]  Epoch[1] Train-cross-entropy=1.338447
2023-06-09 13:10:19,400 [INFO]  Epoch[1] Train-required_experience-accuracy=0.511963
2023-06-09 13:10:19,400 [INFO]  Epoch[1] Time cost=1.153
2023-06-09 13:10:19,400 [INFO]  Epoch[1] Average Speed: 16276.975 samples/sec
2023-06-09 13:10:19,406 [INFO]  Saved checkpoint to "/root/datawig/imputer/debug/words/chained/required_experience/model-0001.params"
2023-06-09 13:10:19,542 [INFO]  Epoch[1] Validation-cross-entropy=2.566176
2023-06-09 13:10:19,542 [INFO]  Epoch[1] Validation-required_experience-accuracy=0.232910
2023-06-09 13:10:19,542 [INFO]  
========== done (2.753657817840576 s) fit model
2023-06-09 13:31:01,117 [INFO]  
========== start: fit model
2023-06-09 13:31:01,117 [WARNING]  Already bound, ignoring bind()
2023-06-09 13:31:01,926 [INFO]  Epoch[0] Batch [0-5]	Speed: 6336.82 samples/sec	cross-entropy=1.834174	required_experience-accuracy=0.348307
2023-06-09 13:31:02,416 [INFO]  Epoch[0] Train-cross-entropy=1.527095
2023-06-09 13:31:02,416 [INFO]  Epoch[0] Train-required_experience-accuracy=0.521240
2023-06-09 13:31:02,416 [INFO]  Epoch[0] Time cost=1.298
2023-06-09 13:31:02,416 [INFO]  Epoch[0] Average Speed: 11406.279 samples/sec
2023-06-09 13:31:02,425 [INFO]  Saved checkpoint to "/root/datawig/imputer/debug/words/chained/required_experience/model-0000.params"
2023-06-09 13:31:02,572 [INFO]  Epoch[0] Validation-cross-entropy=2.405607
2023-06-09 13:31:02,573 [INFO]  Epoch[0] Validation-required_experience-accuracy=0.232910
2023-06-09 13:31:03,291 [INFO]  Epoch[1] Batch [0-5]	Speed: 8602.24 samples/sec	cross-entropy=1.468525	required_experience-accuracy=0.433431
2023-06-09 13:31:03,787 [INFO]  Epoch[1] Train-cross-entropy=1.337478
2023-06-09 13:31:03,787 [INFO]  Epoch[1] Train-required_experience-accuracy=0.513916
2023-06-09 13:31:03,787 [INFO]  Epoch[1] Time cost=1.215
2023-06-09 13:31:03,787 [INFO]  Epoch[1] Average Speed: 15484.037 samples/sec
2023-06-09 13:31:03,790 [INFO]  Saved checkpoint to "/root/datawig/imputer/debug/words/chained/required_experience/model-0001.params"
2023-06-09 13:31:03,935 [INFO]  Epoch[1] Validation-cross-entropy=2.604395
2023-06-09 13:31:03,935 [INFO]  Epoch[1] Validation-required_experience-accuracy=0.238281
2023-06-09 13:31:03,935 [INFO]  
========== done (2.8189220428466797 s) fit model
2023-06-09 13:39:06,306 [INFO]  
========== start: fit model
2023-06-09 13:39:06,306 [WARNING]  Already bound, ignoring bind()
2023-06-09 13:39:07,246 [INFO]  Epoch[0] Batch [0-5]	Speed: 5449.77 samples/sec	cross-entropy=1.829850	required_experience-accuracy=0.356771
2023-06-09 13:39:07,863 [INFO]  Epoch[0] Train-cross-entropy=1.527723
2023-06-09 13:39:07,863 [INFO]  Epoch[0] Train-required_experience-accuracy=0.515381
2023-06-09 13:39:07,863 [INFO]  Epoch[0] Time cost=1.557
2023-06-09 13:39:07,863 [INFO]  Epoch[0] Average Speed: 9809.592 samples/sec
2023-06-09 13:39:07,867 [INFO]  Saved checkpoint to "/root/datawig/imputer/debug/words/chained/required_experience/model-0000.params"
2023-06-09 13:39:08,046 [INFO]  Epoch[0] Validation-cross-entropy=2.362266
2023-06-09 13:39:08,046 [INFO]  Epoch[0] Validation-required_experience-accuracy=0.227051
2023-06-09 13:39:08,887 [INFO]  Epoch[1] Batch [0-5]	Speed: 7258.44 samples/sec	cross-entropy=1.465036	required_experience-accuracy=0.434082
2023-06-09 13:39:09,496 [INFO]  Epoch[1] Train-cross-entropy=1.343281
2023-06-09 13:39:09,497 [INFO]  Epoch[1] Train-required_experience-accuracy=0.511230
2023-06-09 13:39:09,497 [INFO]  Epoch[1] Time cost=1.451
2023-06-09 13:39:09,497 [INFO]  Epoch[1] Average Speed: 13065.197 samples/sec
2023-06-09 13:39:09,503 [INFO]  Saved checkpoint to "/root/datawig/imputer/debug/words/chained/required_experience/model-0001.params"
2023-06-09 13:39:09,680 [INFO]  Epoch[1] Validation-cross-entropy=2.587421
2023-06-09 13:39:09,680 [INFO]  Epoch[1] Validation-required_experience-accuracy=0.233887
2023-06-09 13:39:09,680 [INFO]  
========== done (3.3740549087524414 s) fit model
2023-06-09 13:51:28,076 [INFO]  
========== start: fit model
2023-06-09 13:51:28,076 [WARNING]  Already bound, ignoring bind()
2023-06-09 13:51:29,020 [INFO]  Epoch[0] Batch [0-5]	Speed: 5436.46 samples/sec	cross-entropy=1.824134	required_experience-accuracy=0.333822
2023-06-09 13:51:29,603 [INFO]  Epoch[0] Train-cross-entropy=1.502423
2023-06-09 13:51:29,603 [INFO]  Epoch[0] Train-required_experience-accuracy=0.522461
2023-06-09 13:51:29,603 [INFO]  Epoch[0] Time cost=1.525
2023-06-09 13:51:29,603 [INFO]  Epoch[0] Average Speed: 9785.622 samples/sec
2023-06-09 13:51:29,609 [INFO]  Saved checkpoint to "/root/datawig/imputer/debug/words/chained/required_experience/model-0000.params"
2023-06-09 13:51:29,829 [INFO]  Epoch[0] Validation-cross-entropy=2.329513
2023-06-09 13:51:29,829 [INFO]  Epoch[0] Validation-required_experience-accuracy=0.227051
2023-06-09 13:51:30,737 [INFO]  Epoch[1] Batch [0-5]	Speed: 6844.67 samples/sec	cross-entropy=1.458936	required_experience-accuracy=0.431966
2023-06-09 13:51:31,321 [INFO]  Epoch[1] Train-cross-entropy=1.333796
2023-06-09 13:51:31,321 [INFO]  Epoch[1] Train-required_experience-accuracy=0.512451
2023-06-09 13:51:31,321 [INFO]  Epoch[1] Time cost=1.492
2023-06-09 13:51:31,321 [INFO]  Epoch[1] Average Speed: 12320.406 samples/sec
2023-06-09 13:51:31,328 [INFO]  Saved checkpoint to "/root/datawig/imputer/debug/words/chained/required_experience/model-0001.params"
2023-06-09 13:51:31,512 [INFO]  Epoch[1] Validation-cross-entropy=2.531186
2023-06-09 13:51:31,512 [INFO]  Epoch[1] Validation-required_experience-accuracy=0.237793
2023-06-09 13:51:31,512 [INFO]  
========== done (3.4359140396118164 s) fit model
