2023-06-09 12:46:21,302 [INFO]  CategoricalEncoder for column industry                                found only 99 occurrences of value Human Resources
2023-06-09 12:46:21,302 [INFO]  CategoricalEncoder for column industry                                found only 91 occurrences of value Legal Services
2023-06-09 12:46:21,302 [INFO]  CategoricalEncoder for column industry                                found only 89 occurrences of value Apparel & Fashion
2023-06-09 12:46:21,302 [INFO]  CategoricalEncoder for column industry                                found only 88 occurrences of value Online Media
2023-06-09 12:46:21,302 [INFO]  CategoricalEncoder for column industry                                found only 84 occurrences of value Facilities Services
2023-06-09 12:46:21,302 [INFO]  CategoricalEncoder for column industry                                found only 79 occurrences of value Hospitality
2023-06-09 12:46:21,302 [INFO]  CategoricalEncoder for column industry                                found only 78 occurrences of value Banking
2023-06-09 12:46:21,302 [INFO]  CategoricalEncoder for column industry                                found only 76 occurrences of value Computer Games
2023-06-09 12:46:21,302 [INFO]  CategoricalEncoder for column industry                                found only 74 occurrences of value Building Materials
2023-06-09 12:46:21,302 [INFO]  CategoricalEncoder for column industry                                found only 71 occurrences of value Nonprofit Organization Management
2023-06-09 12:46:21,302 [INFO]  CategoricalEncoder for column industry                                found only 71 occurrences of value Leisure, Travel & Tourism
2023-06-09 12:46:21,302 [INFO]  CategoricalEncoder for column industry                                found only 68 occurrences of value Entertainment
2023-06-09 12:46:21,302 [INFO]  CategoricalEncoder for column industry                                found only 65 occurrences of value Electrical/Electronic Manufacturing
2023-06-09 12:46:21,302 [INFO]  CategoricalEncoder for column industry                                found only 62 occurrences of value Food & Beverages
2023-06-09 12:46:21,302 [INFO]  CategoricalEncoder for column industry                                found only 60 occurrences of value Cosmetics
2023-06-09 12:46:21,302 [INFO]  CategoricalEncoder for column industry                                found only 56 occurrences of value Consumer Electronics
2023-06-09 12:46:21,302 [INFO]  CategoricalEncoder for column industry                                found only 56 occurrences of value Airlines/Aviation
2023-06-09 12:46:21,302 [INFO]  CategoricalEncoder for column industry                                found only 56 occurrences of value Consumer Goods
2023-06-09 12:46:21,302 [INFO]  CategoricalEncoder for column industry                                found only 54 occurrences of value Medical Practice
2023-06-09 12:46:21,302 [INFO]  CategoricalEncoder for column industry                                found only 53 occurrences of value Public Relations and Communications
2023-06-09 12:46:21,302 [INFO]  CategoricalEncoder for column industry                                found only 50 occurrences of value Civic & Social Organization
2023-06-09 12:46:21,302 [INFO]  CategoricalEncoder for column industry                                found only 48 occurrences of value Warehousing
2023-06-09 12:46:21,302 [INFO]  CategoricalEncoder for column industry                                found only 47 occurrences of value Computer & Network Security
2023-06-09 12:46:21,302 [INFO]  CategoricalEncoder for column industry                                found only 47 occurrences of value Events Services
2023-06-09 12:46:21,302 [INFO]  CategoricalEncoder for column industry                                found only 47 occurrences of value Restaurants
2023-06-09 12:46:21,302 [INFO]  CategoricalEncoder for column industry                                found only 46 occurrences of value Media Production
2023-06-09 12:46:21,303 [INFO]  CategoricalEncoder for column industry                                found only 45 occurrences of value Market Research
2023-06-09 12:46:21,303 [INFO]  CategoricalEncoder for column industry                                found only 45 occurrences of value Environmental Services
2023-06-09 12:46:21,303 [INFO]  CategoricalEncoder for column industry                                found only 45 occurrences of value Transportation/Trucking/Railroad
2023-06-09 12:46:21,303 [INFO]  CategoricalEncoder for column industry                                found only 44 occurrences of value Broadcast Media
2023-06-09 12:46:21,303 [INFO]  CategoricalEncoder for column industry                                found only 41 occurrences of value Computer Networking
2023-06-09 12:46:21,303 [INFO]  CategoricalEncoder for column industry                                found only 39 occurrences of value Food Production
2023-06-09 12:46:21,303 [INFO]  CategoricalEncoder for column industry                                found only 38 occurrences of value Gambling & Casinos
2023-06-09 12:46:21,303 [INFO]  CategoricalEncoder for column industry                                found only 38 occurrences of value Pharmaceuticals
2023-06-09 12:46:21,303 [INFO]  CategoricalEncoder for column industry                                found only 36 occurrences of value Biotechnology
2023-06-09 12:46:21,303 [INFO]  CategoricalEncoder for column industry                                found only 34 occurrences of value Publishing
2023-06-09 12:46:21,303 [INFO]  CategoricalEncoder for column industry                                found only 34 occurrences of value Mechanical or Industrial Engineering
2023-06-09 12:46:21,303 [INFO]  CategoricalEncoder for column industry                                found only 31 occurrences of value Computer Hardware
2023-06-09 12:46:21,303 [INFO]  CategoricalEncoder for column industry                                found only 29 occurrences of value Graphic Design
2023-06-09 12:46:21,303 [INFO]  CategoricalEncoder for column industry                                found only 29 occurrences of value Security and Investigations
2023-06-09 12:46:21,303 [INFO]  CategoricalEncoder for column industry                                found only 27 occurrences of value Information Services
2023-06-09 12:46:21,303 [INFO]  CategoricalEncoder for column industry                                found only 26 occurrences of value Research
2023-06-09 12:46:21,303 [INFO]  CategoricalEncoder for column industry                                found only 26 occurrences of value Printing
2023-06-09 12:46:21,303 [INFO]  CategoricalEncoder for column industry                                found only 24 occurrences of value Venture Capital & Private Equity
2023-06-09 12:46:21,303 [INFO]  CategoricalEncoder for column industry                                found only 24 occurrences of value Utilities
2023-06-09 12:46:21,303 [INFO]  CategoricalEncoder for column industry                                found only 23 occurrences of value Farming
2023-06-09 12:46:21,303 [INFO]  CategoricalEncoder for column industry                                found only 21 occurrences of value Government Administration
2023-06-09 12:46:21,303 [INFO]  CategoricalEncoder for column industry                                found only 19 occurrences of value Outsourcing/Offshoring
2023-06-09 12:46:21,303 [INFO]  CategoricalEncoder for column industry                                found only 19 occurrences of value Sports
2023-06-09 12:46:21,303 [INFO]  CategoricalEncoder for column industry                                found only 19 occurrences of value Aviation & Aerospace
2023-06-09 12:46:21,303 [INFO]  CategoricalEncoder for column industry                                found only 18 occurrences of value Mental Health Care
2023-06-09 12:46:21,303 [INFO]  CategoricalEncoder for column industry                                found only 18 occurrences of value Medical Devices
2023-06-09 12:46:21,303 [INFO]  CategoricalEncoder for column industry                                found only 18 occurrences of value Law Practice
2023-06-09 12:46:21,303 [INFO]  CategoricalEncoder for column industry                                found only 17 occurrences of value Writing and Editing
2023-06-09 12:46:21,303 [INFO]  CategoricalEncoder for column industry                                found only 16 occurrences of value Business Supplies and Equipment
2023-06-09 12:46:21,303 [INFO]  CategoricalEncoder for column industry                                found only 16 occurrences of value Chemicals
2023-06-09 12:46:21,303 [INFO]  CategoricalEncoder for column industry                                found only 14 occurrences of value Fund-Raising
2023-06-09 12:46:21,304 [INFO]  CategoricalEncoder for column industry                                found only 13 occurrences of value Professional Training & Coaching
2023-06-09 12:46:21,304 [INFO]  CategoricalEncoder for column industry                                found only 11 occurrences of value Higher Education
2023-06-09 12:46:21,304 [INFO]  CategoricalEncoder for column industry                                found only 10 occurrences of value Wholesale
2023-06-09 12:46:21,304 [INFO]  CategoricalEncoder for column industry                                found only 10 occurrences of value Government Relations
2023-06-09 12:46:21,304 [INFO]  CategoricalEncoder for column industry                                found only 9 occurrences of value Semiconductors
2023-06-09 12:46:21,304 [INFO]  CategoricalEncoder for column industry                                found only 9 occurrences of value Music
2023-06-09 12:46:21,304 [INFO]  CategoricalEncoder for column industry                                found only 9 occurrences of value Defense & Space
2023-06-09 12:46:21,304 [INFO]  CategoricalEncoder for column industry                                found only 9 occurrences of value Architecture & Planning
2023-06-09 12:46:21,304 [INFO]  CategoricalEncoder for column industry                                found only 9 occurrences of value Translation and Localization
2023-06-09 12:46:21,304 [INFO]  CategoricalEncoder for column industry                                found only 9 occurrences of value Program Development
2023-06-09 12:46:21,304 [INFO]  CategoricalEncoder for column industry                                found only 8 occurrences of value Veterinary
2023-06-09 12:46:21,304 [INFO]  CategoricalEncoder for column industry                                found only 8 occurrences of value Machinery
2023-06-09 12:46:21,304 [INFO]  CategoricalEncoder for column industry                                found only 8 occurrences of value Law Enforcement
2023-06-09 12:46:21,304 [INFO]  CategoricalEncoder for column industry                                found only 8 occurrences of value Renewables & Environment
2023-06-09 12:46:21,304 [INFO]  CategoricalEncoder for column industry                                found only 7 occurrences of value International Trade and Development
2023-06-09 12:46:21,304 [INFO]  CategoricalEncoder for column industry                                found only 7 occurrences of value Individual & Family Services
2023-06-09 12:46:21,304 [INFO]  CategoricalEncoder for column industry                                found only 7 occurrences of value Civil Engineering
2023-06-09 12:46:21,304 [INFO]  CategoricalEncoder for column industry                                found only 7 occurrences of value Public Safety
2023-06-09 12:46:21,304 [INFO]  CategoricalEncoder for column industry                                found only 7 occurrences of value Executive Office
2023-06-09 12:46:21,304 [INFO]  CategoricalEncoder for column industry                                found only 6 occurrences of value Photography
2023-06-09 12:46:21,304 [INFO]  CategoricalEncoder for column industry                                found only 6 occurrences of value Primary/Secondary Education
2023-06-09 12:46:35,571 [WARNING]  Test set does not contain any ocurrences of values [Outsourcing/Offshoring, Veterinary, Public Safety, Primary/Secondary Education, Program Development, Higher Education, Defense & Space] in column [industry], consider using a more representative test set.
2023-06-09 12:46:35,577 [INFO]  
========== start: fit model
2023-06-09 12:46:35,577 [WARNING]  Already bound, ignoring bind()
2023-06-09 12:46:36,892 [INFO]  Epoch[0] Batch [0-6]	Speed: 4676.41 samples/sec	cross-entropy=4.185340	industry-accuracy=0.193778
2023-06-09 12:46:37,658 [INFO]  Epoch[0] Train-cross-entropy=3.834097
2023-06-09 12:46:37,658 [INFO]  Epoch[0] Train-industry-accuracy=0.199023
2023-06-09 12:46:37,658 [INFO]  Epoch[0] Time cost=2.080
2023-06-09 12:46:37,658 [INFO]  Epoch[0] Average Speed: 8573.414 samples/sec
2023-06-09 12:46:37,676 [INFO]  Saved checkpoint to "/root/datawig/imputer/debug/words/chained/industry/model-0000.params"
2023-06-09 12:46:37,861 [INFO]  Epoch[0] Validation-cross-entropy=2.735085
2023-06-09 12:46:37,861 [INFO]  Epoch[0] Validation-industry-accuracy=0.525879
2023-06-09 12:46:38,969 [INFO]  Epoch[1] Batch [0-6]	Speed: 6421.28 samples/sec	cross-entropy=3.222825	industry-accuracy=0.254185
2023-06-09 12:46:39,792 [INFO]  Epoch[1] Train-cross-entropy=3.327540
2023-06-09 12:46:39,792 [INFO]  Epoch[1] Train-industry-accuracy=0.223242
2023-06-09 12:46:39,792 [INFO]  Epoch[1] Time cost=1.931
2023-06-09 12:46:39,792 [INFO]  Epoch[1] Average Speed: 11772.338 samples/sec
2023-06-09 12:46:39,810 [INFO]  Saved checkpoint to "/root/datawig/imputer/debug/words/chained/industry/model-0001.params"
2023-06-09 12:46:39,986 [INFO]  Epoch[1] Validation-cross-entropy=2.296524
2023-06-09 12:46:39,986 [INFO]  Epoch[1] Validation-industry-accuracy=0.556152
2023-06-09 12:46:41,098 [INFO]  Epoch[2] Batch [0-6]	Speed: 6398.78 samples/sec	cross-entropy=2.936526	industry-accuracy=0.316685
2023-06-09 12:46:41,858 [INFO]  Epoch[2] Train-cross-entropy=2.982151
2023-06-09 12:46:41,858 [INFO]  Epoch[2] Train-industry-accuracy=0.278516
2023-06-09 12:46:41,858 [INFO]  Epoch[2] Time cost=1.872
2023-06-09 12:46:41,858 [INFO]  Epoch[2] Average Speed: 11731.098 samples/sec
2023-06-09 12:46:41,877 [INFO]  Saved checkpoint to "/root/datawig/imputer/debug/words/chained/industry/model-0002.params"
2023-06-09 12:46:42,093 [INFO]  Epoch[2] Validation-cross-entropy=2.204145
2023-06-09 12:46:42,093 [INFO]  Epoch[2] Validation-industry-accuracy=0.577637
2023-06-09 12:46:43,161 [INFO]  Epoch[3] Batch [0-6]	Speed: 6718.53 samples/sec	cross-entropy=2.773375	industry-accuracy=0.368443
2023-06-09 12:46:43,932 [INFO]  Epoch[3] Train-cross-entropy=2.683580
2023-06-09 12:46:43,932 [INFO]  Epoch[3] Train-industry-accuracy=0.321094
2023-06-09 12:46:43,932 [INFO]  Epoch[3] Time cost=1.839
2023-06-09 12:46:43,932 [INFO]  Epoch[3] Average Speed: 12317.299 samples/sec
2023-06-09 12:46:43,948 [INFO]  Saved checkpoint to "/root/datawig/imputer/debug/words/chained/industry/model-0003.params"
2023-06-09 12:46:44,125 [INFO]  Epoch[3] Validation-cross-entropy=2.083667
2023-06-09 12:46:44,125 [INFO]  Epoch[3] Validation-industry-accuracy=0.606445
2023-06-09 12:46:45,246 [INFO]  Epoch[4] Batch [0-6]	Speed: 6360.64 samples/sec	cross-entropy=2.634830	industry-accuracy=0.417550
2023-06-09 12:46:46,014 [INFO]  Epoch[4] Train-cross-entropy=2.437020
2023-06-09 12:46:46,014 [INFO]  Epoch[4] Train-industry-accuracy=0.497852
2023-06-09 12:46:46,014 [INFO]  Epoch[4] Time cost=1.889
2023-06-09 12:46:46,014 [INFO]  Epoch[4] Average Speed: 11661.180 samples/sec
2023-06-09 12:46:46,033 [INFO]  Saved checkpoint to "/root/datawig/imputer/debug/words/chained/industry/model-0004.params"
2023-06-09 12:46:46,215 [INFO]  Epoch[4] Validation-cross-entropy=2.022262
2023-06-09 12:46:46,215 [INFO]  Epoch[4] Validation-industry-accuracy=0.636719
2023-06-09 12:46:47,327 [INFO]  Epoch[5] Batch [0-6]	Speed: 6398.89 samples/sec	cross-entropy=2.512271	industry-accuracy=0.460100
2023-06-09 12:46:48,092 [INFO]  Epoch[5] Train-cross-entropy=2.259170
2023-06-09 12:46:48,092 [INFO]  Epoch[5] Train-industry-accuracy=0.525195
2023-06-09 12:46:48,092 [INFO]  Epoch[5] Time cost=1.877
2023-06-09 12:46:48,092 [INFO]  Epoch[5] Average Speed: 11731.296 samples/sec
2023-06-09 12:46:48,107 [INFO]  Saved checkpoint to "/root/datawig/imputer/debug/words/chained/industry/model-0005.params"
2023-06-09 12:46:48,284 [INFO]  Epoch[5] Validation-cross-entropy=1.940850
2023-06-09 12:46:48,284 [INFO]  Epoch[5] Validation-industry-accuracy=0.649902
2023-06-09 12:46:49,404 [INFO]  Epoch[6] Batch [0-6]	Speed: 6370.44 samples/sec	cross-entropy=2.399865	industry-accuracy=0.483817
2023-06-09 12:46:50,178 [INFO]  Epoch[6] Train-cross-entropy=2.133488
2023-06-09 12:46:50,178 [INFO]  Epoch[6] Train-industry-accuracy=0.549023
2023-06-09 12:46:50,178 [INFO]  Epoch[6] Time cost=1.893
2023-06-09 12:46:50,178 [INFO]  Epoch[6] Average Speed: 11679.145 samples/sec
2023-06-09 12:46:50,191 [INFO]  Saved checkpoint to "/root/datawig/imputer/debug/words/chained/industry/model-0006.params"
2023-06-09 12:46:50,373 [INFO]  Epoch[6] Validation-cross-entropy=1.871390
2023-06-09 12:46:50,373 [INFO]  Epoch[6] Validation-industry-accuracy=0.664062
2023-06-09 12:46:51,484 [INFO]  Epoch[7] Batch [0-6]	Speed: 6735.71 samples/sec	cross-entropy=2.293858	industry-accuracy=0.511161
2023-06-09 12:46:52,285 [INFO]  Epoch[7] Train-cross-entropy=2.030965
2023-06-09 12:46:52,285 [INFO]  Epoch[7] Train-industry-accuracy=0.574023
2023-06-09 12:46:52,285 [INFO]  Epoch[7] Time cost=1.912
2023-06-09 12:46:52,285 [INFO]  Epoch[7] Average Speed: 12348.796 samples/sec
2023-06-09 12:46:52,302 [INFO]  Saved checkpoint to "/root/datawig/imputer/debug/words/chained/industry/model-0007.params"
2023-06-09 12:46:52,476 [INFO]  Epoch[7] Validation-cross-entropy=1.804324
2023-06-09 12:46:52,476 [INFO]  Epoch[7] Validation-industry-accuracy=0.676270
2023-06-09 12:46:53,538 [INFO]  Epoch[8] Batch [0-6]	Speed: 6759.18 samples/sec	cross-entropy=2.194002	industry-accuracy=0.537528
2023-06-09 12:46:54,372 [INFO]  Epoch[8] Train-cross-entropy=1.939194
2023-06-09 12:46:54,372 [INFO]  Epoch[8] Train-industry-accuracy=0.596875
2023-06-09 12:46:54,372 [INFO]  Epoch[8] Time cost=1.896
2023-06-09 12:46:54,372 [INFO]  Epoch[8] Average Speed: 12391.826 samples/sec
2023-06-09 12:46:54,391 [INFO]  Saved checkpoint to "/root/datawig/imputer/debug/words/chained/industry/model-0008.params"
2023-06-09 12:46:54,567 [INFO]  Epoch[8] Validation-cross-entropy=1.741876
2023-06-09 12:46:54,567 [INFO]  Epoch[8] Validation-industry-accuracy=0.691895
2023-06-09 12:46:55,623 [INFO]  Epoch[9] Batch [0-6]	Speed: 6742.42 samples/sec	cross-entropy=2.101194	industry-accuracy=0.561105
2023-06-09 12:46:56,446 [INFO]  Epoch[9] Train-cross-entropy=1.854156
2023-06-09 12:46:56,446 [INFO]  Epoch[9] Train-industry-accuracy=0.618945
2023-06-09 12:46:56,446 [INFO]  Epoch[9] Time cost=1.879
2023-06-09 12:46:56,446 [INFO]  Epoch[9] Average Speed: 12361.102 samples/sec
2023-06-09 12:46:56,462 [INFO]  Saved checkpoint to "/root/datawig/imputer/debug/words/chained/industry/model-0009.params"
2023-06-09 12:46:56,636 [INFO]  Epoch[9] Validation-cross-entropy=1.682155
2023-06-09 12:46:56,637 [INFO]  Epoch[9] Validation-industry-accuracy=0.705566
2023-06-09 12:46:56,637 [INFO]  
========== done (21.05996084213257 s) fit model
2023-06-09 13:08:44,769 [INFO]  CategoricalEncoder for column industry                                found only 99 occurrences of value Human Resources
2023-06-09 13:08:44,769 [INFO]  CategoricalEncoder for column industry                                found only 91 occurrences of value Legal Services
2023-06-09 13:08:44,769 [INFO]  CategoricalEncoder for column industry                                found only 89 occurrences of value Apparel & Fashion
2023-06-09 13:08:44,769 [INFO]  CategoricalEncoder for column industry                                found only 88 occurrences of value Online Media
2023-06-09 13:08:44,769 [INFO]  CategoricalEncoder for column industry                                found only 84 occurrences of value Facilities Services
2023-06-09 13:08:44,769 [INFO]  CategoricalEncoder for column industry                                found only 79 occurrences of value Hospitality
2023-06-09 13:08:44,769 [INFO]  CategoricalEncoder for column industry                                found only 78 occurrences of value Banking
2023-06-09 13:08:44,769 [INFO]  CategoricalEncoder for column industry                                found only 76 occurrences of value Computer Games
2023-06-09 13:08:44,769 [INFO]  CategoricalEncoder for column industry                                found only 74 occurrences of value Building Materials
2023-06-09 13:08:44,769 [INFO]  CategoricalEncoder for column industry                                found only 71 occurrences of value Nonprofit Organization Management
2023-06-09 13:08:44,769 [INFO]  CategoricalEncoder for column industry                                found only 71 occurrences of value Leisure, Travel & Tourism
2023-06-09 13:08:44,769 [INFO]  CategoricalEncoder for column industry                                found only 68 occurrences of value Entertainment
2023-06-09 13:08:44,769 [INFO]  CategoricalEncoder for column industry                                found only 65 occurrences of value Electrical/Electronic Manufacturing
2023-06-09 13:08:44,769 [INFO]  CategoricalEncoder for column industry                                found only 62 occurrences of value Food & Beverages
2023-06-09 13:08:44,769 [INFO]  CategoricalEncoder for column industry                                found only 60 occurrences of value Cosmetics
2023-06-09 13:08:44,770 [INFO]  CategoricalEncoder for column industry                                found only 56 occurrences of value Consumer Electronics
2023-06-09 13:08:44,770 [INFO]  CategoricalEncoder for column industry                                found only 56 occurrences of value Airlines/Aviation
2023-06-09 13:08:44,770 [INFO]  CategoricalEncoder for column industry                                found only 56 occurrences of value Consumer Goods
2023-06-09 13:08:44,770 [INFO]  CategoricalEncoder for column industry                                found only 54 occurrences of value Medical Practice
2023-06-09 13:08:44,770 [INFO]  CategoricalEncoder for column industry                                found only 53 occurrences of value Public Relations and Communications
2023-06-09 13:08:44,770 [INFO]  CategoricalEncoder for column industry                                found only 50 occurrences of value Civic & Social Organization
2023-06-09 13:08:44,770 [INFO]  CategoricalEncoder for column industry                                found only 48 occurrences of value Warehousing
2023-06-09 13:08:44,770 [INFO]  CategoricalEncoder for column industry                                found only 47 occurrences of value Computer & Network Security
2023-06-09 13:08:44,770 [INFO]  CategoricalEncoder for column industry                                found only 47 occurrences of value Events Services
2023-06-09 13:08:44,770 [INFO]  CategoricalEncoder for column industry                                found only 47 occurrences of value Restaurants
2023-06-09 13:08:44,770 [INFO]  CategoricalEncoder for column industry                                found only 46 occurrences of value Media Production
2023-06-09 13:08:44,770 [INFO]  CategoricalEncoder for column industry                                found only 45 occurrences of value Market Research
2023-06-09 13:08:44,770 [INFO]  CategoricalEncoder for column industry                                found only 45 occurrences of value Environmental Services
2023-06-09 13:08:44,770 [INFO]  CategoricalEncoder for column industry                                found only 45 occurrences of value Transportation/Trucking/Railroad
2023-06-09 13:08:44,770 [INFO]  CategoricalEncoder for column industry                                found only 44 occurrences of value Broadcast Media
2023-06-09 13:08:44,770 [INFO]  CategoricalEncoder for column industry                                found only 41 occurrences of value Computer Networking
2023-06-09 13:08:44,770 [INFO]  CategoricalEncoder for column industry                                found only 39 occurrences of value Food Production
2023-06-09 13:08:44,770 [INFO]  CategoricalEncoder for column industry                                found only 38 occurrences of value Gambling & Casinos
2023-06-09 13:08:44,770 [INFO]  CategoricalEncoder for column industry                                found only 38 occurrences of value Pharmaceuticals
2023-06-09 13:08:44,770 [INFO]  CategoricalEncoder for column industry                                found only 36 occurrences of value Biotechnology
2023-06-09 13:08:44,770 [INFO]  CategoricalEncoder for column industry                                found only 34 occurrences of value Publishing
2023-06-09 13:08:44,770 [INFO]  CategoricalEncoder for column industry                                found only 34 occurrences of value Mechanical or Industrial Engineering
2023-06-09 13:08:44,770 [INFO]  CategoricalEncoder for column industry                                found only 31 occurrences of value Computer Hardware
2023-06-09 13:08:44,770 [INFO]  CategoricalEncoder for column industry                                found only 29 occurrences of value Graphic Design
2023-06-09 13:08:44,770 [INFO]  CategoricalEncoder for column industry                                found only 29 occurrences of value Security and Investigations
2023-06-09 13:08:44,770 [INFO]  CategoricalEncoder for column industry                                found only 27 occurrences of value Information Services
2023-06-09 13:08:44,770 [INFO]  CategoricalEncoder for column industry                                found only 26 occurrences of value Research
2023-06-09 13:08:44,770 [INFO]  CategoricalEncoder for column industry                                found only 26 occurrences of value Printing
2023-06-09 13:08:44,770 [INFO]  CategoricalEncoder for column industry                                found only 24 occurrences of value Venture Capital & Private Equity
2023-06-09 13:08:44,770 [INFO]  CategoricalEncoder for column industry                                found only 24 occurrences of value Utilities
2023-06-09 13:08:44,771 [INFO]  CategoricalEncoder for column industry                                found only 23 occurrences of value Farming
2023-06-09 13:08:44,771 [INFO]  CategoricalEncoder for column industry                                found only 21 occurrences of value Government Administration
2023-06-09 13:08:44,771 [INFO]  CategoricalEncoder for column industry                                found only 19 occurrences of value Outsourcing/Offshoring
2023-06-09 13:08:44,771 [INFO]  CategoricalEncoder for column industry                                found only 19 occurrences of value Sports
2023-06-09 13:08:44,771 [INFO]  CategoricalEncoder for column industry                                found only 19 occurrences of value Aviation & Aerospace
2023-06-09 13:08:44,771 [INFO]  CategoricalEncoder for column industry                                found only 18 occurrences of value Mental Health Care
2023-06-09 13:08:44,771 [INFO]  CategoricalEncoder for column industry                                found only 18 occurrences of value Medical Devices
2023-06-09 13:08:44,771 [INFO]  CategoricalEncoder for column industry                                found only 18 occurrences of value Law Practice
2023-06-09 13:08:44,771 [INFO]  CategoricalEncoder for column industry                                found only 17 occurrences of value Writing and Editing
2023-06-09 13:08:44,771 [INFO]  CategoricalEncoder for column industry                                found only 16 occurrences of value Business Supplies and Equipment
2023-06-09 13:08:44,771 [INFO]  CategoricalEncoder for column industry                                found only 16 occurrences of value Chemicals
2023-06-09 13:08:44,771 [INFO]  CategoricalEncoder for column industry                                found only 14 occurrences of value Fund-Raising
2023-06-09 13:08:44,771 [INFO]  CategoricalEncoder for column industry                                found only 13 occurrences of value Professional Training & Coaching
2023-06-09 13:08:44,771 [INFO]  CategoricalEncoder for column industry                                found only 11 occurrences of value Higher Education
2023-06-09 13:08:44,771 [INFO]  CategoricalEncoder for column industry                                found only 10 occurrences of value Wholesale
2023-06-09 13:08:44,771 [INFO]  CategoricalEncoder for column industry                                found only 10 occurrences of value Government Relations
2023-06-09 13:08:44,771 [INFO]  CategoricalEncoder for column industry                                found only 9 occurrences of value Semiconductors
2023-06-09 13:08:44,771 [INFO]  CategoricalEncoder for column industry                                found only 9 occurrences of value Music
2023-06-09 13:08:44,771 [INFO]  CategoricalEncoder for column industry                                found only 9 occurrences of value Defense & Space
2023-06-09 13:08:44,771 [INFO]  CategoricalEncoder for column industry                                found only 9 occurrences of value Architecture & Planning
2023-06-09 13:08:44,771 [INFO]  CategoricalEncoder for column industry                                found only 9 occurrences of value Translation and Localization
2023-06-09 13:08:44,771 [INFO]  CategoricalEncoder for column industry                                found only 9 occurrences of value Program Development
2023-06-09 13:08:44,771 [INFO]  CategoricalEncoder for column industry                                found only 8 occurrences of value Veterinary
2023-06-09 13:08:44,771 [INFO]  CategoricalEncoder for column industry                                found only 8 occurrences of value Machinery
2023-06-09 13:08:44,771 [INFO]  CategoricalEncoder for column industry                                found only 8 occurrences of value Law Enforcement
2023-06-09 13:08:44,771 [INFO]  CategoricalEncoder for column industry                                found only 8 occurrences of value Renewables & Environment
2023-06-09 13:08:44,771 [INFO]  CategoricalEncoder for column industry                                found only 7 occurrences of value International Trade and Development
2023-06-09 13:08:44,771 [INFO]  CategoricalEncoder for column industry                                found only 7 occurrences of value Individual & Family Services
2023-06-09 13:08:44,771 [INFO]  CategoricalEncoder for column industry                                found only 7 occurrences of value Civil Engineering
2023-06-09 13:08:44,771 [INFO]  CategoricalEncoder for column industry                                found only 7 occurrences of value Public Safety
2023-06-09 13:08:44,772 [INFO]  CategoricalEncoder for column industry                                found only 7 occurrences of value Executive Office
2023-06-09 13:08:44,772 [INFO]  CategoricalEncoder for column industry                                found only 6 occurrences of value Photography
2023-06-09 13:08:44,772 [INFO]  CategoricalEncoder for column industry                                found only 6 occurrences of value Primary/Secondary Education
2023-06-09 13:08:59,541 [WARNING]  Test set does not contain any ocurrences of values [Veterinary, Primary/Secondary Education, Public Safety, Higher Education, Outsourcing/Offshoring, Program Development, Defense & Space] in column [industry], consider using a more representative test set.
2023-06-09 13:08:59,546 [INFO]  
========== start: fit model
2023-06-09 13:08:59,547 [WARNING]  Already bound, ignoring bind()
2023-06-09 13:09:00,571 [INFO]  Epoch[0] Batch [0-6]	Speed: 6001.77 samples/sec	cross-entropy=4.194720	industry-accuracy=0.208566
2023-06-09 13:09:01,203 [INFO]  Epoch[0] Train-cross-entropy=3.844080
2023-06-09 13:09:01,203 [INFO]  Epoch[0] Train-industry-accuracy=0.241406
2023-06-09 13:09:01,203 [INFO]  Epoch[0] Time cost=1.655
2023-06-09 13:09:01,203 [INFO]  Epoch[0] Average Speed: 11003.249 samples/sec
2023-06-09 13:09:01,217 [INFO]  Saved checkpoint to "/root/datawig/imputer/debug/words/chained/industry/model-0000.params"
2023-06-09 13:09:01,360 [INFO]  Epoch[0] Validation-cross-entropy=3.122452
2023-06-09 13:09:01,360 [INFO]  Epoch[0] Validation-industry-accuracy=0.546875
2023-06-09 13:09:02,262 [INFO]  Epoch[1] Batch [0-6]	Speed: 7949.29 samples/sec	cross-entropy=3.264351	industry-accuracy=0.288923
2023-06-09 13:09:02,915 [INFO]  Epoch[1] Train-cross-entropy=3.336754
2023-06-09 13:09:02,915 [INFO]  Epoch[1] Train-industry-accuracy=0.220117
2023-06-09 13:09:02,915 [INFO]  Epoch[1] Time cost=1.555
2023-06-09 13:09:02,915 [INFO]  Epoch[1] Average Speed: 14573.691 samples/sec
2023-06-09 13:09:02,927 [INFO]  Saved checkpoint to "/root/datawig/imputer/debug/words/chained/industry/model-0001.params"
2023-06-09 13:09:03,076 [INFO]  Epoch[1] Validation-cross-entropy=2.507237
2023-06-09 13:09:03,076 [INFO]  Epoch[1] Validation-industry-accuracy=0.546387
2023-06-09 13:09:03,077 [INFO]  
========== done (3.5301003456115723 s) fit model
2023-06-09 13:29:29,963 [INFO]  CategoricalEncoder for column industry                                found only 99 occurrences of value Human Resources
2023-06-09 13:29:29,963 [INFO]  CategoricalEncoder for column industry                                found only 91 occurrences of value Legal Services
2023-06-09 13:29:29,963 [INFO]  CategoricalEncoder for column industry                                found only 89 occurrences of value Apparel & Fashion
2023-06-09 13:29:29,963 [INFO]  CategoricalEncoder for column industry                                found only 88 occurrences of value Online Media
2023-06-09 13:29:29,963 [INFO]  CategoricalEncoder for column industry                                found only 84 occurrences of value Facilities Services
2023-06-09 13:29:29,963 [INFO]  CategoricalEncoder for column industry                                found only 79 occurrences of value Hospitality
2023-06-09 13:29:29,963 [INFO]  CategoricalEncoder for column industry                                found only 78 occurrences of value Banking
2023-06-09 13:29:29,963 [INFO]  CategoricalEncoder for column industry                                found only 76 occurrences of value Computer Games
2023-06-09 13:29:29,963 [INFO]  CategoricalEncoder for column industry                                found only 74 occurrences of value Building Materials
2023-06-09 13:29:29,964 [INFO]  CategoricalEncoder for column industry                                found only 71 occurrences of value Nonprofit Organization Management
2023-06-09 13:29:29,964 [INFO]  CategoricalEncoder for column industry                                found only 71 occurrences of value Leisure, Travel & Tourism
2023-06-09 13:29:29,964 [INFO]  CategoricalEncoder for column industry                                found only 68 occurrences of value Entertainment
2023-06-09 13:29:29,964 [INFO]  CategoricalEncoder for column industry                                found only 65 occurrences of value Electrical/Electronic Manufacturing
2023-06-09 13:29:29,964 [INFO]  CategoricalEncoder for column industry                                found only 62 occurrences of value Food & Beverages
2023-06-09 13:29:29,964 [INFO]  CategoricalEncoder for column industry                                found only 60 occurrences of value Cosmetics
2023-06-09 13:29:29,964 [INFO]  CategoricalEncoder for column industry                                found only 56 occurrences of value Consumer Electronics
2023-06-09 13:29:29,964 [INFO]  CategoricalEncoder for column industry                                found only 56 occurrences of value Airlines/Aviation
2023-06-09 13:29:29,964 [INFO]  CategoricalEncoder for column industry                                found only 56 occurrences of value Consumer Goods
2023-06-09 13:29:29,964 [INFO]  CategoricalEncoder for column industry                                found only 54 occurrences of value Medical Practice
2023-06-09 13:29:29,964 [INFO]  CategoricalEncoder for column industry                                found only 53 occurrences of value Public Relations and Communications
2023-06-09 13:29:29,964 [INFO]  CategoricalEncoder for column industry                                found only 50 occurrences of value Civic & Social Organization
2023-06-09 13:29:29,964 [INFO]  CategoricalEncoder for column industry                                found only 48 occurrences of value Warehousing
2023-06-09 13:29:29,964 [INFO]  CategoricalEncoder for column industry                                found only 47 occurrences of value Computer & Network Security
2023-06-09 13:29:29,964 [INFO]  CategoricalEncoder for column industry                                found only 47 occurrences of value Events Services
2023-06-09 13:29:29,964 [INFO]  CategoricalEncoder for column industry                                found only 47 occurrences of value Restaurants
2023-06-09 13:29:29,964 [INFO]  CategoricalEncoder for column industry                                found only 46 occurrences of value Media Production
2023-06-09 13:29:29,964 [INFO]  CategoricalEncoder for column industry                                found only 45 occurrences of value Market Research
2023-06-09 13:29:29,964 [INFO]  CategoricalEncoder for column industry                                found only 45 occurrences of value Environmental Services
2023-06-09 13:29:29,964 [INFO]  CategoricalEncoder for column industry                                found only 45 occurrences of value Transportation/Trucking/Railroad
2023-06-09 13:29:29,964 [INFO]  CategoricalEncoder for column industry                                found only 44 occurrences of value Broadcast Media
2023-06-09 13:29:29,964 [INFO]  CategoricalEncoder for column industry                                found only 41 occurrences of value Computer Networking
2023-06-09 13:29:29,964 [INFO]  CategoricalEncoder for column industry                                found only 39 occurrences of value Food Production
2023-06-09 13:29:29,964 [INFO]  CategoricalEncoder for column industry                                found only 38 occurrences of value Gambling & Casinos
2023-06-09 13:29:29,964 [INFO]  CategoricalEncoder for column industry                                found only 38 occurrences of value Pharmaceuticals
2023-06-09 13:29:29,964 [INFO]  CategoricalEncoder for column industry                                found only 36 occurrences of value Biotechnology
2023-06-09 13:29:29,964 [INFO]  CategoricalEncoder for column industry                                found only 34 occurrences of value Publishing
2023-06-09 13:29:29,964 [INFO]  CategoricalEncoder for column industry                                found only 34 occurrences of value Mechanical or Industrial Engineering
2023-06-09 13:29:29,964 [INFO]  CategoricalEncoder for column industry                                found only 31 occurrences of value Computer Hardware
2023-06-09 13:29:29,964 [INFO]  CategoricalEncoder for column industry                                found only 29 occurrences of value Graphic Design
2023-06-09 13:29:29,964 [INFO]  CategoricalEncoder for column industry                                found only 29 occurrences of value Security and Investigations
2023-06-09 13:29:29,965 [INFO]  CategoricalEncoder for column industry                                found only 27 occurrences of value Information Services
2023-06-09 13:29:29,965 [INFO]  CategoricalEncoder for column industry                                found only 26 occurrences of value Research
2023-06-09 13:29:29,965 [INFO]  CategoricalEncoder for column industry                                found only 26 occurrences of value Printing
2023-06-09 13:29:29,965 [INFO]  CategoricalEncoder for column industry                                found only 24 occurrences of value Venture Capital & Private Equity
2023-06-09 13:29:29,965 [INFO]  CategoricalEncoder for column industry                                found only 24 occurrences of value Utilities
2023-06-09 13:29:29,965 [INFO]  CategoricalEncoder for column industry                                found only 23 occurrences of value Farming
2023-06-09 13:29:29,965 [INFO]  CategoricalEncoder for column industry                                found only 21 occurrences of value Government Administration
2023-06-09 13:29:29,965 [INFO]  CategoricalEncoder for column industry                                found only 19 occurrences of value Outsourcing/Offshoring
2023-06-09 13:29:29,965 [INFO]  CategoricalEncoder for column industry                                found only 19 occurrences of value Sports
2023-06-09 13:29:29,965 [INFO]  CategoricalEncoder for column industry                                found only 19 occurrences of value Aviation & Aerospace
2023-06-09 13:29:29,965 [INFO]  CategoricalEncoder for column industry                                found only 18 occurrences of value Mental Health Care
2023-06-09 13:29:29,965 [INFO]  CategoricalEncoder for column industry                                found only 18 occurrences of value Medical Devices
2023-06-09 13:29:29,965 [INFO]  CategoricalEncoder for column industry                                found only 18 occurrences of value Law Practice
2023-06-09 13:29:29,965 [INFO]  CategoricalEncoder for column industry                                found only 17 occurrences of value Writing and Editing
2023-06-09 13:29:29,965 [INFO]  CategoricalEncoder for column industry                                found only 16 occurrences of value Business Supplies and Equipment
2023-06-09 13:29:29,965 [INFO]  CategoricalEncoder for column industry                                found only 16 occurrences of value Chemicals
2023-06-09 13:29:29,965 [INFO]  CategoricalEncoder for column industry                                found only 14 occurrences of value Fund-Raising
2023-06-09 13:29:29,965 [INFO]  CategoricalEncoder for column industry                                found only 13 occurrences of value Professional Training & Coaching
2023-06-09 13:29:29,965 [INFO]  CategoricalEncoder for column industry                                found only 11 occurrences of value Higher Education
2023-06-09 13:29:29,965 [INFO]  CategoricalEncoder for column industry                                found only 10 occurrences of value Wholesale
2023-06-09 13:29:29,965 [INFO]  CategoricalEncoder for column industry                                found only 10 occurrences of value Government Relations
2023-06-09 13:29:29,965 [INFO]  CategoricalEncoder for column industry                                found only 9 occurrences of value Semiconductors
2023-06-09 13:29:29,965 [INFO]  CategoricalEncoder for column industry                                found only 9 occurrences of value Music
2023-06-09 13:29:29,965 [INFO]  CategoricalEncoder for column industry                                found only 9 occurrences of value Defense & Space
2023-06-09 13:29:29,965 [INFO]  CategoricalEncoder for column industry                                found only 9 occurrences of value Architecture & Planning
2023-06-09 13:29:29,965 [INFO]  CategoricalEncoder for column industry                                found only 9 occurrences of value Translation and Localization
2023-06-09 13:29:29,965 [INFO]  CategoricalEncoder for column industry                                found only 9 occurrences of value Program Development
2023-06-09 13:29:29,965 [INFO]  CategoricalEncoder for column industry                                found only 8 occurrences of value Veterinary
2023-06-09 13:29:29,965 [INFO]  CategoricalEncoder for column industry                                found only 8 occurrences of value Machinery
2023-06-09 13:29:29,965 [INFO]  CategoricalEncoder for column industry                                found only 8 occurrences of value Law Enforcement
2023-06-09 13:29:29,965 [INFO]  CategoricalEncoder for column industry                                found only 8 occurrences of value Renewables & Environment
2023-06-09 13:29:29,966 [INFO]  CategoricalEncoder for column industry                                found only 7 occurrences of value International Trade and Development
2023-06-09 13:29:29,966 [INFO]  CategoricalEncoder for column industry                                found only 7 occurrences of value Individual & Family Services
2023-06-09 13:29:29,966 [INFO]  CategoricalEncoder for column industry                                found only 7 occurrences of value Civil Engineering
2023-06-09 13:29:29,966 [INFO]  CategoricalEncoder for column industry                                found only 7 occurrences of value Public Safety
2023-06-09 13:29:29,966 [INFO]  CategoricalEncoder for column industry                                found only 7 occurrences of value Executive Office
2023-06-09 13:29:29,966 [INFO]  CategoricalEncoder for column industry                                found only 6 occurrences of value Photography
2023-06-09 13:29:29,966 [INFO]  CategoricalEncoder for column industry                                found only 6 occurrences of value Primary/Secondary Education
2023-06-09 13:29:44,609 [WARNING]  Test set does not contain any ocurrences of values [Program Development, Higher Education, Public Safety, Outsourcing/Offshoring, Veterinary, Defense & Space, Primary/Secondary Education] in column [industry], consider using a more representative test set.
2023-06-09 13:29:44,614 [INFO]  
========== start: fit model
2023-06-09 13:29:44,615 [WARNING]  Already bound, ignoring bind()
2023-06-09 13:29:45,624 [INFO]  Epoch[0] Batch [0-6]	Speed: 6094.12 samples/sec	cross-entropy=4.184450	industry-accuracy=0.180804
2023-06-09 13:29:46,308 [INFO]  Epoch[0] Train-cross-entropy=3.828974
2023-06-09 13:29:46,308 [INFO]  Epoch[0] Train-industry-accuracy=0.196680
2023-06-09 13:29:46,308 [INFO]  Epoch[0] Time cost=1.693
2023-06-09 13:29:46,308 [INFO]  Epoch[0] Average Speed: 11172.556 samples/sec
2023-06-09 13:29:46,320 [INFO]  Saved checkpoint to "/root/datawig/imputer/debug/words/chained/industry/model-0000.params"
2023-06-09 13:29:46,470 [INFO]  Epoch[0] Validation-cross-entropy=3.085413
2023-06-09 13:29:46,470 [INFO]  Epoch[0] Validation-industry-accuracy=0.531738
2023-06-09 13:29:47,375 [INFO]  Epoch[1] Batch [0-6]	Speed: 7997.64 samples/sec	cross-entropy=3.232504	industry-accuracy=0.266462
2023-06-09 13:29:48,018 [INFO]  Epoch[1] Train-cross-entropy=3.316023
2023-06-09 13:29:48,018 [INFO]  Epoch[1] Train-industry-accuracy=0.233594
2023-06-09 13:29:48,018 [INFO]  Epoch[1] Time cost=1.548
2023-06-09 13:29:48,018 [INFO]  Epoch[1] Average Speed: 14662.340 samples/sec
2023-06-09 13:29:48,030 [INFO]  Saved checkpoint to "/root/datawig/imputer/debug/words/chained/industry/model-0001.params"
2023-06-09 13:29:48,167 [INFO]  Epoch[1] Validation-cross-entropy=2.502205
2023-06-09 13:29:48,167 [INFO]  Epoch[1] Validation-industry-accuracy=0.562500
2023-06-09 13:29:48,167 [INFO]  
========== done (3.552234649658203 s) fit model
2023-06-09 13:38:10,232 [INFO]  CategoricalEncoder for column industry                                found only 99 occurrences of value Human Resources
2023-06-09 13:38:10,232 [INFO]  CategoricalEncoder for column industry                                found only 91 occurrences of value Legal Services
2023-06-09 13:38:10,232 [INFO]  CategoricalEncoder for column industry                                found only 89 occurrences of value Apparel & Fashion
2023-06-09 13:38:10,232 [INFO]  CategoricalEncoder for column industry                                found only 88 occurrences of value Online Media
2023-06-09 13:38:10,232 [INFO]  CategoricalEncoder for column industry                                found only 84 occurrences of value Facilities Services
2023-06-09 13:38:10,232 [INFO]  CategoricalEncoder for column industry                                found only 79 occurrences of value Hospitality
2023-06-09 13:38:10,232 [INFO]  CategoricalEncoder for column industry                                found only 78 occurrences of value Banking
2023-06-09 13:38:10,232 [INFO]  CategoricalEncoder for column industry                                found only 76 occurrences of value Computer Games
2023-06-09 13:38:10,232 [INFO]  CategoricalEncoder for column industry                                found only 74 occurrences of value Building Materials
2023-06-09 13:38:10,232 [INFO]  CategoricalEncoder for column industry                                found only 71 occurrences of value Nonprofit Organization Management
2023-06-09 13:38:10,232 [INFO]  CategoricalEncoder for column industry                                found only 71 occurrences of value Leisure, Travel & Tourism
2023-06-09 13:38:10,232 [INFO]  CategoricalEncoder for column industry                                found only 68 occurrences of value Entertainment
2023-06-09 13:38:10,232 [INFO]  CategoricalEncoder for column industry                                found only 65 occurrences of value Electrical/Electronic Manufacturing
2023-06-09 13:38:10,232 [INFO]  CategoricalEncoder for column industry                                found only 62 occurrences of value Food & Beverages
2023-06-09 13:38:10,232 [INFO]  CategoricalEncoder for column industry                                found only 60 occurrences of value Cosmetics
2023-06-09 13:38:10,232 [INFO]  CategoricalEncoder for column industry                                found only 56 occurrences of value Consumer Electronics
2023-06-09 13:38:10,232 [INFO]  CategoricalEncoder for column industry                                found only 56 occurrences of value Airlines/Aviation
2023-06-09 13:38:10,232 [INFO]  CategoricalEncoder for column industry                                found only 56 occurrences of value Consumer Goods
2023-06-09 13:38:10,232 [INFO]  CategoricalEncoder for column industry                                found only 54 occurrences of value Medical Practice
2023-06-09 13:38:10,232 [INFO]  CategoricalEncoder for column industry                                found only 53 occurrences of value Public Relations and Communications
2023-06-09 13:38:10,232 [INFO]  CategoricalEncoder for column industry                                found only 50 occurrences of value Civic & Social Organization
2023-06-09 13:38:10,232 [INFO]  CategoricalEncoder for column industry                                found only 48 occurrences of value Warehousing
2023-06-09 13:38:10,232 [INFO]  CategoricalEncoder for column industry                                found only 47 occurrences of value Computer & Network Security
2023-06-09 13:38:10,232 [INFO]  CategoricalEncoder for column industry                                found only 47 occurrences of value Events Services
2023-06-09 13:38:10,232 [INFO]  CategoricalEncoder for column industry                                found only 47 occurrences of value Restaurants
2023-06-09 13:38:10,232 [INFO]  CategoricalEncoder for column industry                                found only 46 occurrences of value Media Production
2023-06-09 13:38:10,232 [INFO]  CategoricalEncoder for column industry                                found only 45 occurrences of value Market Research
2023-06-09 13:38:10,232 [INFO]  CategoricalEncoder for column industry                                found only 45 occurrences of value Environmental Services
2023-06-09 13:38:10,232 [INFO]  CategoricalEncoder for column industry                                found only 45 occurrences of value Transportation/Trucking/Railroad
2023-06-09 13:38:10,232 [INFO]  CategoricalEncoder for column industry                                found only 44 occurrences of value Broadcast Media
2023-06-09 13:38:10,232 [INFO]  CategoricalEncoder for column industry                                found only 41 occurrences of value Computer Networking
2023-06-09 13:38:10,232 [INFO]  CategoricalEncoder for column industry                                found only 39 occurrences of value Food Production
2023-06-09 13:38:10,232 [INFO]  CategoricalEncoder for column industry                                found only 38 occurrences of value Gambling & Casinos
2023-06-09 13:38:10,232 [INFO]  CategoricalEncoder for column industry                                found only 38 occurrences of value Pharmaceuticals
2023-06-09 13:38:10,232 [INFO]  CategoricalEncoder for column industry                                found only 36 occurrences of value Biotechnology
2023-06-09 13:38:10,232 [INFO]  CategoricalEncoder for column industry                                found only 34 occurrences of value Publishing
2023-06-09 13:38:10,232 [INFO]  CategoricalEncoder for column industry                                found only 34 occurrences of value Mechanical or Industrial Engineering
2023-06-09 13:38:10,232 [INFO]  CategoricalEncoder for column industry                                found only 31 occurrences of value Computer Hardware
2023-06-09 13:38:10,232 [INFO]  CategoricalEncoder for column industry                                found only 29 occurrences of value Graphic Design
2023-06-09 13:38:10,232 [INFO]  CategoricalEncoder for column industry                                found only 29 occurrences of value Security and Investigations
2023-06-09 13:38:10,232 [INFO]  CategoricalEncoder for column industry                                found only 27 occurrences of value Information Services
2023-06-09 13:38:10,232 [INFO]  CategoricalEncoder for column industry                                found only 26 occurrences of value Research
2023-06-09 13:38:10,232 [INFO]  CategoricalEncoder for column industry                                found only 26 occurrences of value Printing
2023-06-09 13:38:10,232 [INFO]  CategoricalEncoder for column industry                                found only 24 occurrences of value Venture Capital & Private Equity
2023-06-09 13:38:10,232 [INFO]  CategoricalEncoder for column industry                                found only 24 occurrences of value Utilities
2023-06-09 13:38:10,232 [INFO]  CategoricalEncoder for column industry                                found only 23 occurrences of value Farming
2023-06-09 13:38:10,232 [INFO]  CategoricalEncoder for column industry                                found only 21 occurrences of value Government Administration
2023-06-09 13:38:10,232 [INFO]  CategoricalEncoder for column industry                                found only 19 occurrences of value Outsourcing/Offshoring
2023-06-09 13:38:10,232 [INFO]  CategoricalEncoder for column industry                                found only 19 occurrences of value Sports
2023-06-09 13:38:10,232 [INFO]  CategoricalEncoder for column industry                                found only 19 occurrences of value Aviation & Aerospace
2023-06-09 13:38:10,232 [INFO]  CategoricalEncoder for column industry                                found only 18 occurrences of value Mental Health Care
2023-06-09 13:38:10,232 [INFO]  CategoricalEncoder for column industry                                found only 18 occurrences of value Medical Devices
2023-06-09 13:38:10,232 [INFO]  CategoricalEncoder for column industry                                found only 18 occurrences of value Law Practice
2023-06-09 13:38:10,232 [INFO]  CategoricalEncoder for column industry                                found only 17 occurrences of value Writing and Editing
2023-06-09 13:38:10,232 [INFO]  CategoricalEncoder for column industry                                found only 16 occurrences of value Business Supplies and Equipment
2023-06-09 13:38:10,232 [INFO]  CategoricalEncoder for column industry                                found only 16 occurrences of value Chemicals
2023-06-09 13:38:10,232 [INFO]  CategoricalEncoder for column industry                                found only 14 occurrences of value Fund-Raising
2023-06-09 13:38:10,232 [INFO]  CategoricalEncoder for column industry                                found only 13 occurrences of value Professional Training & Coaching
2023-06-09 13:38:10,232 [INFO]  CategoricalEncoder for column industry                                found only 11 occurrences of value Higher Education
2023-06-09 13:38:10,232 [INFO]  CategoricalEncoder for column industry                                found only 10 occurrences of value Wholesale
2023-06-09 13:38:10,232 [INFO]  CategoricalEncoder for column industry                                found only 10 occurrences of value Government Relations
2023-06-09 13:38:10,232 [INFO]  CategoricalEncoder for column industry                                found only 9 occurrences of value Semiconductors
2023-06-09 13:38:10,232 [INFO]  CategoricalEncoder for column industry                                found only 9 occurrences of value Music
2023-06-09 13:38:10,232 [INFO]  CategoricalEncoder for column industry                                found only 9 occurrences of value Defense & Space
2023-06-09 13:38:10,232 [INFO]  CategoricalEncoder for column industry                                found only 9 occurrences of value Architecture & Planning
2023-06-09 13:38:10,232 [INFO]  CategoricalEncoder for column industry                                found only 9 occurrences of value Translation and Localization
2023-06-09 13:38:10,232 [INFO]  CategoricalEncoder for column industry                                found only 9 occurrences of value Program Development
2023-06-09 13:38:10,232 [INFO]  CategoricalEncoder for column industry                                found only 8 occurrences of value Veterinary
2023-06-09 13:38:10,232 [INFO]  CategoricalEncoder for column industry                                found only 8 occurrences of value Machinery
2023-06-09 13:38:10,233 [INFO]  CategoricalEncoder for column industry                                found only 8 occurrences of value Law Enforcement
2023-06-09 13:38:10,233 [INFO]  CategoricalEncoder for column industry                                found only 8 occurrences of value Renewables & Environment
2023-06-09 13:38:10,233 [INFO]  CategoricalEncoder for column industry                                found only 7 occurrences of value International Trade and Development
2023-06-09 13:38:10,233 [INFO]  CategoricalEncoder for column industry                                found only 7 occurrences of value Individual & Family Services
2023-06-09 13:38:10,233 [INFO]  CategoricalEncoder for column industry                                found only 7 occurrences of value Civil Engineering
2023-06-09 13:38:10,233 [INFO]  CategoricalEncoder for column industry                                found only 7 occurrences of value Public Safety
2023-06-09 13:38:10,233 [INFO]  CategoricalEncoder for column industry                                found only 7 occurrences of value Executive Office
2023-06-09 13:38:10,233 [INFO]  CategoricalEncoder for column industry                                found only 6 occurrences of value Photography
2023-06-09 13:38:10,233 [INFO]  CategoricalEncoder for column industry                                found only 6 occurrences of value Primary/Secondary Education
2023-06-09 13:38:17,999 [WARNING]  Test set does not contain any ocurrences of values [Public Safety, Outsourcing/Offshoring, Program Development, Higher Education, Defense & Space, Veterinary, Primary/Secondary Education] in column [industry], consider using a more representative test set.
2023-06-09 13:38:18,004 [INFO]  
========== start: fit model
2023-06-09 13:38:18,004 [WARNING]  Already bound, ignoring bind()
2023-06-09 13:38:19,160 [INFO]  Epoch[0] Batch [0-6]	Speed: 5316.87 samples/sec	cross-entropy=4.199375	industry-accuracy=0.178711
2023-06-09 13:38:19,937 [INFO]  Epoch[0] Train-cross-entropy=3.827277
2023-06-09 13:38:19,938 [INFO]  Epoch[0] Train-industry-accuracy=0.202539
2023-06-09 13:38:19,938 [INFO]  Epoch[0] Time cost=1.933
2023-06-09 13:38:19,938 [INFO]  Epoch[0] Average Speed: 9747.588 samples/sec
2023-06-09 13:38:19,958 [INFO]  Saved checkpoint to "/root/datawig/imputer/debug/words/chained/industry/model-0000.params"
2023-06-09 13:38:20,153 [INFO]  Epoch[0] Validation-cross-entropy=3.068081
2023-06-09 13:38:20,153 [INFO]  Epoch[0] Validation-industry-accuracy=0.532715
2023-06-09 13:38:21,256 [INFO]  Epoch[1] Batch [0-6]	Speed: 6432.17 samples/sec	cross-entropy=3.256842	industry-accuracy=0.268415
2023-06-09 13:38:22,031 [INFO]  Epoch[1] Train-cross-entropy=3.321106
2023-06-09 13:38:22,031 [INFO]  Epoch[1] Train-industry-accuracy=0.225977
2023-06-09 13:38:22,031 [INFO]  Epoch[1] Time cost=1.879
2023-06-09 13:38:22,031 [INFO]  Epoch[1] Average Speed: 11792.316 samples/sec
2023-06-09 13:38:22,051 [INFO]  Saved checkpoint to "/root/datawig/imputer/debug/words/chained/industry/model-0001.params"
2023-06-09 13:38:22,227 [INFO]  Epoch[1] Validation-cross-entropy=2.491099
2023-06-09 13:38:22,227 [INFO]  Epoch[1] Validation-industry-accuracy=0.557617
2023-06-09 13:38:22,228 [INFO]  
========== done (4.223635673522949 s) fit model
2023-06-09 13:50:30,532 [INFO]  CategoricalEncoder for column industry                                found only 99 occurrences of value Human Resources
2023-06-09 13:50:30,533 [INFO]  CategoricalEncoder for column industry                                found only 91 occurrences of value Legal Services
2023-06-09 13:50:30,533 [INFO]  CategoricalEncoder for column industry                                found only 89 occurrences of value Apparel & Fashion
2023-06-09 13:50:30,533 [INFO]  CategoricalEncoder for column industry                                found only 88 occurrences of value Online Media
2023-06-09 13:50:30,533 [INFO]  CategoricalEncoder for column industry                                found only 84 occurrences of value Facilities Services
2023-06-09 13:50:30,533 [INFO]  CategoricalEncoder for column industry                                found only 79 occurrences of value Hospitality
2023-06-09 13:50:30,533 [INFO]  CategoricalEncoder for column industry                                found only 78 occurrences of value Banking
2023-06-09 13:50:30,533 [INFO]  CategoricalEncoder for column industry                                found only 76 occurrences of value Computer Games
2023-06-09 13:50:30,533 [INFO]  CategoricalEncoder for column industry                                found only 74 occurrences of value Building Materials
2023-06-09 13:50:30,533 [INFO]  CategoricalEncoder for column industry                                found only 71 occurrences of value Nonprofit Organization Management
2023-06-09 13:50:30,533 [INFO]  CategoricalEncoder for column industry                                found only 71 occurrences of value Leisure, Travel & Tourism
2023-06-09 13:50:30,533 [INFO]  CategoricalEncoder for column industry                                found only 68 occurrences of value Entertainment
2023-06-09 13:50:30,533 [INFO]  CategoricalEncoder for column industry                                found only 65 occurrences of value Electrical/Electronic Manufacturing
2023-06-09 13:50:30,533 [INFO]  CategoricalEncoder for column industry                                found only 62 occurrences of value Food & Beverages
2023-06-09 13:50:30,533 [INFO]  CategoricalEncoder for column industry                                found only 60 occurrences of value Cosmetics
2023-06-09 13:50:30,533 [INFO]  CategoricalEncoder for column industry                                found only 56 occurrences of value Consumer Electronics
2023-06-09 13:50:30,533 [INFO]  CategoricalEncoder for column industry                                found only 56 occurrences of value Airlines/Aviation
2023-06-09 13:50:30,533 [INFO]  CategoricalEncoder for column industry                                found only 56 occurrences of value Consumer Goods
2023-06-09 13:50:30,533 [INFO]  CategoricalEncoder for column industry                                found only 54 occurrences of value Medical Practice
2023-06-09 13:50:30,533 [INFO]  CategoricalEncoder for column industry                                found only 53 occurrences of value Public Relations and Communications
2023-06-09 13:50:30,533 [INFO]  CategoricalEncoder for column industry                                found only 50 occurrences of value Civic & Social Organization
2023-06-09 13:50:30,533 [INFO]  CategoricalEncoder for column industry                                found only 48 occurrences of value Warehousing
2023-06-09 13:50:30,533 [INFO]  CategoricalEncoder for column industry                                found only 47 occurrences of value Computer & Network Security
2023-06-09 13:50:30,533 [INFO]  CategoricalEncoder for column industry                                found only 47 occurrences of value Events Services
2023-06-09 13:50:30,533 [INFO]  CategoricalEncoder for column industry                                found only 47 occurrences of value Restaurants
2023-06-09 13:50:30,533 [INFO]  CategoricalEncoder for column industry                                found only 46 occurrences of value Media Production
2023-06-09 13:50:30,533 [INFO]  CategoricalEncoder for column industry                                found only 45 occurrences of value Market Research
2023-06-09 13:50:30,533 [INFO]  CategoricalEncoder for column industry                                found only 45 occurrences of value Environmental Services
2023-06-09 13:50:30,533 [INFO]  CategoricalEncoder for column industry                                found only 45 occurrences of value Transportation/Trucking/Railroad
2023-06-09 13:50:30,533 [INFO]  CategoricalEncoder for column industry                                found only 44 occurrences of value Broadcast Media
2023-06-09 13:50:30,533 [INFO]  CategoricalEncoder for column industry                                found only 41 occurrences of value Computer Networking
2023-06-09 13:50:30,533 [INFO]  CategoricalEncoder for column industry                                found only 39 occurrences of value Food Production
2023-06-09 13:50:30,533 [INFO]  CategoricalEncoder for column industry                                found only 38 occurrences of value Gambling & Casinos
2023-06-09 13:50:30,533 [INFO]  CategoricalEncoder for column industry                                found only 38 occurrences of value Pharmaceuticals
2023-06-09 13:50:30,533 [INFO]  CategoricalEncoder for column industry                                found only 36 occurrences of value Biotechnology
2023-06-09 13:50:30,533 [INFO]  CategoricalEncoder for column industry                                found only 34 occurrences of value Publishing
2023-06-09 13:50:30,533 [INFO]  CategoricalEncoder for column industry                                found only 34 occurrences of value Mechanical or Industrial Engineering
2023-06-09 13:50:30,533 [INFO]  CategoricalEncoder for column industry                                found only 31 occurrences of value Computer Hardware
2023-06-09 13:50:30,533 [INFO]  CategoricalEncoder for column industry                                found only 29 occurrences of value Graphic Design
2023-06-09 13:50:30,533 [INFO]  CategoricalEncoder for column industry                                found only 29 occurrences of value Security and Investigations
2023-06-09 13:50:30,533 [INFO]  CategoricalEncoder for column industry                                found only 27 occurrences of value Information Services
2023-06-09 13:50:30,533 [INFO]  CategoricalEncoder for column industry                                found only 26 occurrences of value Research
2023-06-09 13:50:30,533 [INFO]  CategoricalEncoder for column industry                                found only 26 occurrences of value Printing
2023-06-09 13:50:30,533 [INFO]  CategoricalEncoder for column industry                                found only 24 occurrences of value Venture Capital & Private Equity
2023-06-09 13:50:30,533 [INFO]  CategoricalEncoder for column industry                                found only 24 occurrences of value Utilities
2023-06-09 13:50:30,533 [INFO]  CategoricalEncoder for column industry                                found only 23 occurrences of value Farming
2023-06-09 13:50:30,533 [INFO]  CategoricalEncoder for column industry                                found only 21 occurrences of value Government Administration
2023-06-09 13:50:30,533 [INFO]  CategoricalEncoder for column industry                                found only 19 occurrences of value Outsourcing/Offshoring
2023-06-09 13:50:30,533 [INFO]  CategoricalEncoder for column industry                                found only 19 occurrences of value Sports
2023-06-09 13:50:30,533 [INFO]  CategoricalEncoder for column industry                                found only 19 occurrences of value Aviation & Aerospace
2023-06-09 13:50:30,533 [INFO]  CategoricalEncoder for column industry                                found only 18 occurrences of value Mental Health Care
2023-06-09 13:50:30,533 [INFO]  CategoricalEncoder for column industry                                found only 18 occurrences of value Medical Devices
2023-06-09 13:50:30,533 [INFO]  CategoricalEncoder for column industry                                found only 18 occurrences of value Law Practice
2023-06-09 13:50:30,533 [INFO]  CategoricalEncoder for column industry                                found only 17 occurrences of value Writing and Editing
2023-06-09 13:50:30,533 [INFO]  CategoricalEncoder for column industry                                found only 16 occurrences of value Business Supplies and Equipment
2023-06-09 13:50:30,533 [INFO]  CategoricalEncoder for column industry                                found only 16 occurrences of value Chemicals
2023-06-09 13:50:30,533 [INFO]  CategoricalEncoder for column industry                                found only 14 occurrences of value Fund-Raising
2023-06-09 13:50:30,533 [INFO]  CategoricalEncoder for column industry                                found only 13 occurrences of value Professional Training & Coaching
2023-06-09 13:50:30,533 [INFO]  CategoricalEncoder for column industry                                found only 11 occurrences of value Higher Education
2023-06-09 13:50:30,533 [INFO]  CategoricalEncoder for column industry                                found only 10 occurrences of value Wholesale
2023-06-09 13:50:30,534 [INFO]  CategoricalEncoder for column industry                                found only 10 occurrences of value Government Relations
2023-06-09 13:50:30,534 [INFO]  CategoricalEncoder for column industry                                found only 9 occurrences of value Semiconductors
2023-06-09 13:50:30,534 [INFO]  CategoricalEncoder for column industry                                found only 9 occurrences of value Music
2023-06-09 13:50:30,534 [INFO]  CategoricalEncoder for column industry                                found only 9 occurrences of value Defense & Space
2023-06-09 13:50:30,534 [INFO]  CategoricalEncoder for column industry                                found only 9 occurrences of value Architecture & Planning
2023-06-09 13:50:30,534 [INFO]  CategoricalEncoder for column industry                                found only 9 occurrences of value Translation and Localization
2023-06-09 13:50:30,534 [INFO]  CategoricalEncoder for column industry                                found only 9 occurrences of value Program Development
2023-06-09 13:50:30,534 [INFO]  CategoricalEncoder for column industry                                found only 8 occurrences of value Veterinary
2023-06-09 13:50:30,534 [INFO]  CategoricalEncoder for column industry                                found only 8 occurrences of value Machinery
2023-06-09 13:50:30,534 [INFO]  CategoricalEncoder for column industry                                found only 8 occurrences of value Law Enforcement
2023-06-09 13:50:30,534 [INFO]  CategoricalEncoder for column industry                                found only 8 occurrences of value Renewables & Environment
2023-06-09 13:50:30,534 [INFO]  CategoricalEncoder for column industry                                found only 7 occurrences of value International Trade and Development
2023-06-09 13:50:30,534 [INFO]  CategoricalEncoder for column industry                                found only 7 occurrences of value Individual & Family Services
2023-06-09 13:50:30,534 [INFO]  CategoricalEncoder for column industry                                found only 7 occurrences of value Civil Engineering
2023-06-09 13:50:30,534 [INFO]  CategoricalEncoder for column industry                                found only 7 occurrences of value Public Safety
2023-06-09 13:50:30,534 [INFO]  CategoricalEncoder for column industry                                found only 7 occurrences of value Executive Office
2023-06-09 13:50:30,534 [INFO]  CategoricalEncoder for column industry                                found only 6 occurrences of value Photography
2023-06-09 13:50:30,534 [INFO]  CategoricalEncoder for column industry                                found only 6 occurrences of value Primary/Secondary Education
2023-06-09 13:50:38,420 [WARNING]  Test set does not contain any ocurrences of values [Higher Education, Program Development, Public Safety, Primary/Secondary Education, Veterinary, Outsourcing/Offshoring, Defense & Space] in column [industry], consider using a more representative test set.
2023-06-09 13:50:38,424 [INFO]  
========== start: fit model
2023-06-09 13:50:38,424 [WARNING]  Already bound, ignoring bind()
2023-06-09 13:50:39,637 [INFO]  Epoch[0] Batch [0-6]	Speed: 5069.05 samples/sec	cross-entropy=4.198641	industry-accuracy=0.192243
2023-06-09 13:50:40,426 [INFO]  Epoch[0] Train-cross-entropy=3.858346
2023-06-09 13:50:40,426 [INFO]  Epoch[0] Train-industry-accuracy=0.227930
2023-06-09 13:50:40,426 [INFO]  Epoch[0] Time cost=2.001
2023-06-09 13:50:40,426 [INFO]  Epoch[0] Average Speed: 9293.264 samples/sec
2023-06-09 13:50:40,449 [INFO]  Saved checkpoint to "/root/datawig/imputer/debug/words/chained/industry/model-0000.params"
2023-06-09 13:50:40,663 [INFO]  Epoch[0] Validation-cross-entropy=3.173617
2023-06-09 13:50:40,663 [INFO]  Epoch[0] Validation-industry-accuracy=0.540039
2023-06-09 13:50:41,751 [INFO]  Epoch[1] Batch [0-6]	Speed: 6588.13 samples/sec	cross-entropy=3.265668	industry-accuracy=0.275112
2023-06-09 13:50:42,569 [INFO]  Epoch[1] Train-cross-entropy=3.326870
2023-06-09 13:50:42,569 [INFO]  Epoch[1] Train-industry-accuracy=0.224219
2023-06-09 13:50:42,569 [INFO]  Epoch[1] Time cost=1.906
2023-06-09 13:50:42,569 [INFO]  Epoch[1] Average Speed: 12078.246 samples/sec
2023-06-09 13:50:42,584 [INFO]  Saved checkpoint to "/root/datawig/imputer/debug/words/chained/industry/model-0001.params"
2023-06-09 13:50:42,759 [INFO]  Epoch[1] Validation-cross-entropy=2.541062
2023-06-09 13:50:42,759 [INFO]  Epoch[1] Validation-industry-accuracy=0.551758
2023-06-09 13:50:42,759 [INFO]  
========== done (4.3351218700408936 s) fit model
